{"C:\\Users\\34638\\Documents\\skylab\\bootcamp\\collab\\skylab-bootcamp-201904\\staff\\daniel-ferrandez-latre\\pro-skate\\pro-skate-api\\logic\\index.test.js":{"path":"C:\\Users\\34638\\Documents\\skylab\\bootcamp\\collab\\skylab-bootcamp-201904\\staff\\daniel-ferrandez-latre\\pro-skate\\pro-skate-api\\logic\\index.test.js","statementMap":{"0":{"start":{"line":1,"column":0},"end":{"line":1,"column":27}},"1":{"start":{"line":3,"column":29},"end":{"line":3,"column":54}},"2":{"start":{"line":4,"column":26},"end":{"line":4,"column":32}},"3":{"start":{"line":13,"column":4},"end":{"line":13,"column":31}},"4":{"start":{"line":14,"column":19},"end":{"line":14,"column":34}},"5":{"start":{"line":15,"column":14},"end":{"line":15,"column":26}},"6":{"start":{"line":16,"column":15},"end":{"line":16,"column":32}},"7":{"start":{"line":20,"column":4},"end":{"line":20,"column":11}},"8":{"start":{"line":22,"column":0},"end":{"line":1254,"column":3}},"9":{"start":{"line":25,"column":2},"end":{"line":25,"column":65}},"10":{"start":{"line":25,"column":15},"end":{"line":25,"column":63}},"11":{"start":{"line":26,"column":2},"end":{"line":29,"column":28}},"12":{"start":{"line":27,"column":4},"end":{"line":27,"column":27}},"13":{"start":{"line":28,"column":4},"end":{"line":28,"column":30}},"14":{"start":{"line":29,"column":4},"end":{"line":29,"column":25}},"15":{"start":{"line":31,"column":2},"end":{"line":39,"column":5}},"16":{"start":{"line":32,"column":4},"end":{"line":32,"column":28}},"17":{"start":{"line":33,"column":4},"end":{"line":33,"column":35}},"18":{"start":{"line":34,"column":4},"end":{"line":34,"column":41}},"19":{"start":{"line":35,"column":4},"end":{"line":35,"column":46}},"20":{"start":{"line":36,"column":4},"end":{"line":36,"column":51}},"21":{"start":{"line":37,"column":4},"end":{"line":37,"column":43}},"22":{"start":{"line":38,"column":4},"end":{"line":38,"column":47}},"23":{"start":{"line":41,"column":2},"end":{"line":512,"column":5}},"24":{"start":{"line":43,"column":4},"end":{"line":184,"column":7}},"25":{"start":{"line":44,"column":6},"end":{"line":44,"column":47}},"26":{"start":{"line":44,"column":29},"end":{"line":44,"column":46}},"27":{"start":{"line":46,"column":6},"end":{"line":67,"column":9}},"28":{"start":{"line":48,"column":20},"end":{"line":48,"column":92}},"29":{"start":{"line":49,"column":8},"end":{"line":49,"column":36}},"30":{"start":{"line":51,"column":22},"end":{"line":51,"column":39}},"31":{"start":{"line":53,"column":8},"end":{"line":53,"column":31}},"32":{"start":{"line":54,"column":8},"end":{"line":54,"column":42}},"33":{"start":{"line":55,"column":23},"end":{"line":55,"column":28}},"34":{"start":{"line":57,"column":8},"end":{"line":57,"column":41}},"35":{"start":{"line":58,"column":8},"end":{"line":58,"column":47}},"36":{"start":{"line":59,"column":8},"end":{"line":59,"column":43}},"37":{"start":{"line":60,"column":8},"end":{"line":60,"column":49}},"38":{"start":{"line":61,"column":8},"end":{"line":61,"column":39}},"39":{"start":{"line":62,"column":8},"end":{"line":62,"column":49}},"40":{"start":{"line":63,"column":8},"end":{"line":63,"column":44}},"41":{"start":{"line":64,"column":8},"end":{"line":64,"column":48}},"42":{"start":{"line":65,"column":8},"end":{"line":65,"column":48}},"43":{"start":{"line":66,"column":8},"end":{"line":66,"column":72}},"44":{"start":{"line":69,"column":6},"end":{"line":84,"column":9}},"45":{"start":{"line":70,"column":8},"end":{"line":72,"column":10}},"46":{"start":{"line":71,"column":22},"end":{"line":71,"column":90}},"47":{"start":{"line":74,"column":8},"end":{"line":83,"column":11}},"48":{"start":{"line":75,"column":10},"end":{"line":82,"column":11}},"49":{"start":{"line":76,"column":12},"end":{"line":76,"column":85}},"50":{"start":{"line":77,"column":12},"end":{"line":77,"column":55}},"51":{"start":{"line":79,"column":12},"end":{"line":79,"column":46}},"52":{"start":{"line":80,"column":12},"end":{"line":80,"column":55}},"53":{"start":{"line":81,"column":12},"end":{"line":81,"column":88}},"54":{"start":{"line":86,"column":6},"end":{"line":93,"column":9}},"55":{"start":{"line":87,"column":21},"end":{"line":87,"column":30}},"56":{"start":{"line":89,"column":8},"end":{"line":92,"column":10}},"57":{"start":{"line":89,"column":21},"end":{"line":89,"column":87}},"58":{"start":{"line":95,"column":6},"end":{"line":102,"column":9}},"59":{"start":{"line":96,"column":21},"end":{"line":96,"column":23}},"60":{"start":{"line":98,"column":8},"end":{"line":101,"column":10}},"61":{"start":{"line":98,"column":21},"end":{"line":98,"column":87}},"62":{"start":{"line":104,"column":6},"end":{"line":111,"column":9}},"63":{"start":{"line":105,"column":21},"end":{"line":105,"column":32}},"64":{"start":{"line":107,"column":8},"end":{"line":110,"column":10}},"65":{"start":{"line":107,"column":21},"end":{"line":107,"column":87}},"66":{"start":{"line":113,"column":6},"end":{"line":120,"column":9}},"67":{"start":{"line":114,"column":24},"end":{"line":114,"column":33}},"68":{"start":{"line":116,"column":8},"end":{"line":119,"column":10}},"69":{"start":{"line":116,"column":21},"end":{"line":116,"column":87}},"70":{"start":{"line":122,"column":6},"end":{"line":129,"column":9}},"71":{"start":{"line":123,"column":24},"end":{"line":123,"column":28}},"72":{"start":{"line":125,"column":8},"end":{"line":128,"column":10}},"73":{"start":{"line":125,"column":21},"end":{"line":125,"column":87}},"74":{"start":{"line":131,"column":6},"end":{"line":138,"column":9}},"75":{"start":{"line":132,"column":24},"end":{"line":132,"column":26}},"76":{"start":{"line":134,"column":8},"end":{"line":137,"column":10}},"77":{"start":{"line":134,"column":21},"end":{"line":134,"column":87}},"78":{"start":{"line":140,"column":6},"end":{"line":147,"column":9}},"79":{"start":{"line":141,"column":24},"end":{"line":141,"column":35}},"80":{"start":{"line":143,"column":8},"end":{"line":146,"column":10}},"81":{"start":{"line":143,"column":21},"end":{"line":143,"column":87}},"82":{"start":{"line":149,"column":6},"end":{"line":156,"column":9}},"83":{"start":{"line":150,"column":22},"end":{"line":150,"column":31}},"84":{"start":{"line":152,"column":8},"end":{"line":155,"column":10}},"85":{"start":{"line":152,"column":21},"end":{"line":152,"column":87}},"86":{"start":{"line":158,"column":6},"end":{"line":165,"column":9}},"87":{"start":{"line":159,"column":22},"end":{"line":159,"column":26}},"88":{"start":{"line":161,"column":8},"end":{"line":164,"column":10}},"89":{"start":{"line":161,"column":21},"end":{"line":161,"column":87}},"90":{"start":{"line":167,"column":6},"end":{"line":174,"column":9}},"91":{"start":{"line":168,"column":22},"end":{"line":168,"column":24}},"92":{"start":{"line":170,"column":8},"end":{"line":173,"column":10}},"93":{"start":{"line":170,"column":21},"end":{"line":170,"column":87}},"94":{"start":{"line":176,"column":6},"end":{"line":183,"column":9}},"95":{"start":{"line":177,"column":22},"end":{"line":177,"column":33}},"96":{"start":{"line":179,"column":8},"end":{"line":182,"column":10}},"97":{"start":{"line":179,"column":21},"end":{"line":179,"column":87}},"98":{"start":{"line":186,"column":4},"end":{"line":294,"column":7}},"99":{"start":{"line":187,"column":6},"end":{"line":190,"column":9}},"100":{"start":{"line":188,"column":21},"end":{"line":188,"column":48}},"101":{"start":{"line":189,"column":8},"end":{"line":189,"column":83}},"102":{"start":{"line":192,"column":6},"end":{"line":201,"column":9}},"103":{"start":{"line":193,"column":37},"end":{"line":193,"column":82}},"104":{"start":{"line":194,"column":8},"end":{"line":194,"column":28}},"105":{"start":{"line":195,"column":8},"end":{"line":195,"column":37}},"106":{"start":{"line":196,"column":8},"end":{"line":196,"column":35}},"107":{"start":{"line":198,"column":21},"end":{"line":198,"column":44}},"108":{"start":{"line":200,"column":8},"end":{"line":200,"column":37}},"109":{"start":{"line":203,"column":6},"end":{"line":213,"column":9}},"110":{"start":{"line":204,"column":8},"end":{"line":212,"column":9}},"111":{"start":{"line":205,"column":10},"end":{"line":205,"column":87}},"112":{"start":{"line":206,"column":10},"end":{"line":206,"column":53}},"113":{"start":{"line":208,"column":10},"end":{"line":208,"column":44}},"114":{"start":{"line":209,"column":10},"end":{"line":209,"column":53}},"115":{"start":{"line":211,"column":10},"end":{"line":211,"column":86}},"116":{"start":{"line":215,"column":6},"end":{"line":222,"column":9}},"117":{"start":{"line":216,"column":22},"end":{"line":216,"column":31}},"118":{"start":{"line":218,"column":8},"end":{"line":221,"column":10}},"119":{"start":{"line":218,"column":21},"end":{"line":218,"column":60}},"120":{"start":{"line":224,"column":6},"end":{"line":231,"column":9}},"121":{"start":{"line":225,"column":22},"end":{"line":225,"column":26}},"122":{"start":{"line":227,"column":8},"end":{"line":230,"column":10}},"123":{"start":{"line":227,"column":21},"end":{"line":227,"column":60}},"124":{"start":{"line":233,"column":6},"end":{"line":240,"column":9}},"125":{"start":{"line":234,"column":22},"end":{"line":234,"column":24}},"126":{"start":{"line":236,"column":8},"end":{"line":239,"column":10}},"127":{"start":{"line":236,"column":21},"end":{"line":236,"column":60}},"128":{"start":{"line":242,"column":6},"end":{"line":249,"column":9}},"129":{"start":{"line":243,"column":22},"end":{"line":243,"column":33}},"130":{"start":{"line":245,"column":8},"end":{"line":248,"column":10}},"131":{"start":{"line":245,"column":21},"end":{"line":245,"column":60}},"132":{"start":{"line":251,"column":6},"end":{"line":257,"column":9}},"133":{"start":{"line":252,"column":25},"end":{"line":252,"column":36}},"134":{"start":{"line":253,"column":8},"end":{"line":256,"column":10}},"135":{"start":{"line":253,"column":21},"end":{"line":253,"column":63}},"136":{"start":{"line":259,"column":6},"end":{"line":266,"column":9}},"137":{"start":{"line":260,"column":25},"end":{"line":260,"column":34}},"138":{"start":{"line":262,"column":8},"end":{"line":265,"column":10}},"139":{"start":{"line":262,"column":21},"end":{"line":262,"column":60}},"140":{"start":{"line":268,"column":6},"end":{"line":275,"column":9}},"141":{"start":{"line":269,"column":25},"end":{"line":269,"column":29}},"142":{"start":{"line":271,"column":8},"end":{"line":274,"column":10}},"143":{"start":{"line":271,"column":21},"end":{"line":271,"column":60}},"144":{"start":{"line":277,"column":6},"end":{"line":284,"column":9}},"145":{"start":{"line":278,"column":25},"end":{"line":278,"column":27}},"146":{"start":{"line":280,"column":8},"end":{"line":283,"column":10}},"147":{"start":{"line":280,"column":21},"end":{"line":280,"column":60}},"148":{"start":{"line":286,"column":6},"end":{"line":293,"column":9}},"149":{"start":{"line":287,"column":25},"end":{"line":287,"column":36}},"150":{"start":{"line":289,"column":8},"end":{"line":292,"column":10}},"151":{"start":{"line":289,"column":21},"end":{"line":289,"column":60}},"152":{"start":{"line":296,"column":4},"end":{"line":356,"column":7}},"153":{"start":{"line":299,"column":6},"end":{"line":308,"column":8}},"154":{"start":{"line":301,"column":11},"end":{"line":307,"column":12}},"155":{"start":{"line":310,"column":6},"end":{"line":318,"column":9}},"156":{"start":{"line":311,"column":22},"end":{"line":311,"column":55}},"157":{"start":{"line":312,"column":8},"end":{"line":312,"column":41}},"158":{"start":{"line":313,"column":8},"end":{"line":313,"column":42}},"159":{"start":{"line":314,"column":8},"end":{"line":314,"column":48}},"160":{"start":{"line":315,"column":8},"end":{"line":315,"column":44}},"161":{"start":{"line":316,"column":8},"end":{"line":316,"column":50}},"162":{"start":{"line":317,"column":8},"end":{"line":317,"column":47}},"163":{"start":{"line":320,"column":6},"end":{"line":331,"column":9}},"164":{"start":{"line":321,"column":30},"end":{"line":321,"column":37}},"165":{"start":{"line":322,"column":8},"end":{"line":322,"column":46}},"166":{"start":{"line":323,"column":8},"end":{"line":330,"column":9}},"167":{"start":{"line":324,"column":10},"end":{"line":324,"column":50}},"168":{"start":{"line":325,"column":10},"end":{"line":325,"column":53}},"169":{"start":{"line":327,"column":10},"end":{"line":327,"column":42}},"170":{"start":{"line":328,"column":10},"end":{"line":328,"column":48}},"171":{"start":{"line":329,"column":10},"end":{"line":329,"column":86}},"172":{"start":{"line":333,"column":6},"end":{"line":337,"column":9}},"173":{"start":{"line":334,"column":19},"end":{"line":334,"column":28}},"174":{"start":{"line":336,"column":8},"end":{"line":336,"column":94}},"175":{"start":{"line":336,"column":21},"end":{"line":336,"column":43}},"176":{"start":{"line":339,"column":6},"end":{"line":343,"column":9}},"177":{"start":{"line":340,"column":19},"end":{"line":340,"column":23}},"178":{"start":{"line":342,"column":8},"end":{"line":342,"column":94}},"179":{"start":{"line":342,"column":21},"end":{"line":342,"column":43}},"180":{"start":{"line":345,"column":6},"end":{"line":349,"column":9}},"181":{"start":{"line":346,"column":19},"end":{"line":346,"column":21}},"182":{"start":{"line":348,"column":8},"end":{"line":348,"column":81}},"183":{"start":{"line":348,"column":21},"end":{"line":348,"column":43}},"184":{"start":{"line":351,"column":6},"end":{"line":355,"column":9}},"185":{"start":{"line":352,"column":19},"end":{"line":352,"column":30}},"186":{"start":{"line":354,"column":8},"end":{"line":354,"column":81}},"187":{"start":{"line":354,"column":21},"end":{"line":354,"column":43}},"188":{"start":{"line":358,"column":4},"end":{"line":449,"column":7}},"189":{"start":{"line":359,"column":6},"end":{"line":359,"column":23}},"190":{"start":{"line":362,"column":6},"end":{"line":375,"column":9}},"191":{"start":{"line":363,"column":8},"end":{"line":363,"column":39}},"192":{"start":{"line":364,"column":8},"end":{"line":364,"column":45}},"193":{"start":{"line":365,"column":8},"end":{"line":365,"column":50}},"194":{"start":{"line":366,"column":8},"end":{"line":366,"column":47}},"195":{"start":{"line":367,"column":8},"end":{"line":367,"column":51}},"196":{"start":{"line":368,"column":8},"end":{"line":374,"column":11}},"197":{"start":{"line":377,"column":6},"end":{"line":393,"column":9}},"198":{"start":{"line":378,"column":8},"end":{"line":378,"column":40}},"199":{"start":{"line":379,"column":8},"end":{"line":379,"column":46}},"200":{"start":{"line":380,"column":8},"end":{"line":380,"column":51}},"201":{"start":{"line":381,"column":8},"end":{"line":381,"column":48}},"202":{"start":{"line":382,"column":8},"end":{"line":382,"column":52}},"203":{"start":{"line":384,"column":30},"end":{"line":384,"column":123}},"204":{"start":{"line":385,"column":8},"end":{"line":385,"column":45}},"205":{"start":{"line":387,"column":8},"end":{"line":387,"column":41}},"206":{"start":{"line":388,"column":8},"end":{"line":388,"column":43}},"207":{"start":{"line":389,"column":8},"end":{"line":389,"column":43}},"208":{"start":{"line":390,"column":8},"end":{"line":390,"column":49}},"209":{"start":{"line":391,"column":8},"end":{"line":391,"column":45}},"210":{"start":{"line":392,"column":8},"end":{"line":392,"column":51}},"211":{"start":{"line":395,"column":6},"end":{"line":406,"column":9}},"212":{"start":{"line":396,"column":23},"end":{"line":396,"column":58}},"213":{"start":{"line":398,"column":8},"end":{"line":398,"column":45}},"214":{"start":{"line":399,"column":8},"end":{"line":405,"column":9}},"215":{"start":{"line":400,"column":10},"end":{"line":400,"column":73}},"216":{"start":{"line":401,"column":10},"end":{"line":401,"column":53}},"217":{"start":{"line":403,"column":10},"end":{"line":403,"column":31}},"218":{"start":{"line":404,"column":10},"end":{"line":404,"column":66}},"219":{"start":{"line":408,"column":6},"end":{"line":412,"column":9}},"220":{"start":{"line":409,"column":19},"end":{"line":409,"column":28}},"221":{"start":{"line":411,"column":8},"end":{"line":411,"column":96}},"222":{"start":{"line":411,"column":21},"end":{"line":411,"column":45}},"223":{"start":{"line":414,"column":6},"end":{"line":418,"column":9}},"224":{"start":{"line":415,"column":19},"end":{"line":415,"column":23}},"225":{"start":{"line":417,"column":8},"end":{"line":417,"column":96}},"226":{"start":{"line":417,"column":21},"end":{"line":417,"column":45}},"227":{"start":{"line":420,"column":6},"end":{"line":424,"column":9}},"228":{"start":{"line":421,"column":19},"end":{"line":421,"column":21}},"229":{"start":{"line":423,"column":8},"end":{"line":423,"column":83}},"230":{"start":{"line":423,"column":21},"end":{"line":423,"column":45}},"231":{"start":{"line":426,"column":6},"end":{"line":430,"column":9}},"232":{"start":{"line":427,"column":19},"end":{"line":427,"column":30}},"233":{"start":{"line":429,"column":8},"end":{"line":429,"column":83}},"234":{"start":{"line":429,"column":21},"end":{"line":429,"column":45}},"235":{"start":{"line":432,"column":6},"end":{"line":439,"column":9}},"236":{"start":{"line":433,"column":21},"end":{"line":433,"column":30}},"237":{"start":{"line":435,"column":8},"end":{"line":438,"column":10}},"238":{"start":{"line":435,"column":21},"end":{"line":435,"column":52}},"239":{"start":{"line":441,"column":6},"end":{"line":448,"column":9}},"240":{"start":{"line":442,"column":21},"end":{"line":442,"column":25}},"241":{"start":{"line":444,"column":8},"end":{"line":447,"column":10}},"242":{"start":{"line":444,"column":21},"end":{"line":444,"column":52}},"243":{"start":{"line":451,"column":4},"end":{"line":510,"column":7}},"244":{"start":{"line":453,"column":6},"end":{"line":458,"column":9}},"245":{"start":{"line":454,"column":8},"end":{"line":454,"column":96}},"246":{"start":{"line":455,"column":24},"end":{"line":455,"column":60}},"247":{"start":{"line":457,"column":8},"end":{"line":457,"column":28}},"248":{"start":{"line":460,"column":6},"end":{"line":466,"column":9}},"249":{"start":{"line":461,"column":30},"end":{"line":461,"column":56}},"250":{"start":{"line":463,"column":8},"end":{"line":463,"column":41}},"251":{"start":{"line":464,"column":23},"end":{"line":464,"column":46}},"252":{"start":{"line":465,"column":8},"end":{"line":465,"column":34}},"253":{"start":{"line":468,"column":6},"end":{"line":485,"column":9}},"254":{"start":{"line":469,"column":8},"end":{"line":484,"column":9}},"255":{"start":{"line":470,"column":10},"end":{"line":476,"column":13}},"256":{"start":{"line":477,"column":25},"end":{"line":477,"column":54}},"257":{"start":{"line":478,"column":32},"end":{"line":478,"column":41}},"258":{"start":{"line":479,"column":10},"end":{"line":479,"column":54}},"259":{"start":{"line":480,"column":10},"end":{"line":480,"column":48}},"260":{"start":{"line":481,"column":10},"end":{"line":481,"column":53}},"261":{"start":{"line":483,"column":10},"end":{"line":483,"column":31}},"262":{"start":{"line":487,"column":6},"end":{"line":491,"column":9}},"263":{"start":{"line":488,"column":19},"end":{"line":488,"column":28}},"264":{"start":{"line":490,"column":8},"end":{"line":490,"column":96}},"265":{"start":{"line":490,"column":21},"end":{"line":490,"column":45}},"266":{"start":{"line":493,"column":6},"end":{"line":497,"column":9}},"267":{"start":{"line":494,"column":19},"end":{"line":494,"column":23}},"268":{"start":{"line":496,"column":8},"end":{"line":496,"column":96}},"269":{"start":{"line":496,"column":21},"end":{"line":496,"column":45}},"270":{"start":{"line":499,"column":6},"end":{"line":503,"column":9}},"271":{"start":{"line":500,"column":19},"end":{"line":500,"column":21}},"272":{"start":{"line":502,"column":8},"end":{"line":502,"column":83}},"273":{"start":{"line":502,"column":21},"end":{"line":502,"column":45}},"274":{"start":{"line":505,"column":6},"end":{"line":509,"column":9}},"275":{"start":{"line":506,"column":19},"end":{"line":506,"column":30}},"276":{"start":{"line":508,"column":8},"end":{"line":508,"column":83}},"277":{"start":{"line":508,"column":21},"end":{"line":508,"column":45}},"278":{"start":{"line":514,"column":2},"end":{"line":1253,"column":5}},"279":{"start":{"line":515,"column":4},"end":{"line":515,"column":24}},"280":{"start":{"line":518,"column":4},"end":{"line":542,"column":7}},"281":{"start":{"line":519,"column":6},"end":{"line":519,"column":33}},"282":{"start":{"line":520,"column":6},"end":{"line":527,"column":9}},"283":{"start":{"line":528,"column":22},"end":{"line":528,"column":58}},"284":{"start":{"line":529,"column":6},"end":{"line":529,"column":30}},"285":{"start":{"line":531,"column":6},"end":{"line":531,"column":42}},"286":{"start":{"line":532,"column":6},"end":{"line":532,"column":66}},"287":{"start":{"line":533,"column":6},"end":{"line":537,"column":8}},"288":{"start":{"line":538,"column":6},"end":{"line":538,"column":56}},"289":{"start":{"line":539,"column":6},"end":{"line":539,"column":68}},"290":{"start":{"line":540,"column":6},"end":{"line":540,"column":56}},"291":{"start":{"line":541,"column":6},"end":{"line":541,"column":93}},"292":{"start":{"line":544,"column":4},"end":{"line":603,"column":7}},"293":{"start":{"line":545,"column":6},"end":{"line":555,"column":9}},"294":{"start":{"line":546,"column":8},"end":{"line":554,"column":11}},"295":{"start":{"line":557,"column":6},"end":{"line":567,"column":9}},"296":{"start":{"line":558,"column":24},"end":{"line":558,"column":66}},"297":{"start":{"line":559,"column":8},"end":{"line":559,"column":62}},"298":{"start":{"line":560,"column":8},"end":{"line":560,"column":46}},"299":{"start":{"line":561,"column":8},"end":{"line":561,"column":49}},"300":{"start":{"line":562,"column":8},"end":{"line":562,"column":51}},"301":{"start":{"line":563,"column":8},"end":{"line":563,"column":66}},"302":{"start":{"line":564,"column":8},"end":{"line":564,"column":65}},"303":{"start":{"line":565,"column":8},"end":{"line":565,"column":63}},"304":{"start":{"line":566,"column":8},"end":{"line":566,"column":54}},"305":{"start":{"line":569,"column":6},"end":{"line":579,"column":9}},"306":{"start":{"line":570,"column":41},"end":{"line":570,"column":83}},"307":{"start":{"line":571,"column":8},"end":{"line":571,"column":58}},"308":{"start":{"line":572,"column":8},"end":{"line":578,"column":9}},"309":{"start":{"line":573,"column":10},"end":{"line":573,"column":56}},"310":{"start":{"line":574,"column":10},"end":{"line":574,"column":53}},"311":{"start":{"line":576,"column":10},"end":{"line":576,"column":48}},"312":{"start":{"line":577,"column":10},"end":{"line":577,"column":92}},"313":{"start":{"line":581,"column":6},"end":{"line":585,"column":9}},"314":{"start":{"line":582,"column":19},"end":{"line":582,"column":28}},"315":{"start":{"line":584,"column":8},"end":{"line":584,"column":96}},"316":{"start":{"line":584,"column":21},"end":{"line":584,"column":45}},"317":{"start":{"line":587,"column":6},"end":{"line":591,"column":9}},"318":{"start":{"line":588,"column":19},"end":{"line":588,"column":23}},"319":{"start":{"line":590,"column":8},"end":{"line":590,"column":96}},"320":{"start":{"line":590,"column":21},"end":{"line":590,"column":45}},"321":{"start":{"line":592,"column":6},"end":{"line":596,"column":9}},"322":{"start":{"line":593,"column":19},"end":{"line":593,"column":21}},"323":{"start":{"line":595,"column":8},"end":{"line":595,"column":83}},"324":{"start":{"line":595,"column":21},"end":{"line":595,"column":45}},"325":{"start":{"line":598,"column":6},"end":{"line":602,"column":9}},"326":{"start":{"line":599,"column":19},"end":{"line":599,"column":30}},"327":{"start":{"line":601,"column":8},"end":{"line":601,"column":83}},"328":{"start":{"line":601,"column":21},"end":{"line":601,"column":45}},"329":{"start":{"line":605,"column":4},"end":{"line":657,"column":7}},"330":{"start":{"line":608,"column":6},"end":{"line":633,"column":9}},"331":{"start":{"line":609,"column":8},"end":{"line":624,"column":10}},"332":{"start":{"line":611,"column":13},"end":{"line":623,"column":13}},"333":{"start":{"line":626,"column":8},"end":{"line":626,"column":34}},"334":{"start":{"line":628,"column":8},"end":{"line":632,"column":10}},"335":{"start":{"line":630,"column":12},"end":{"line":630,"column":68}},"336":{"start":{"line":635,"column":6},"end":{"line":650,"column":9}},"337":{"start":{"line":636,"column":28},"end":{"line":636,"column":61}},"338":{"start":{"line":637,"column":8},"end":{"line":637,"column":48}},"339":{"start":{"line":638,"column":8},"end":{"line":638,"column":70}},"340":{"start":{"line":640,"column":8},"end":{"line":649,"column":11}},"341":{"start":{"line":641,"column":33},"end":{"line":643,"column":11}},"342":{"start":{"line":642,"column":24},"end":{"line":642,"column":52}},"343":{"start":{"line":644,"column":10},"end":{"line":644,"column":59}},"344":{"start":{"line":645,"column":10},"end":{"line":645,"column":63}},"345":{"start":{"line":646,"column":10},"end":{"line":646,"column":78}},"346":{"start":{"line":647,"column":10},"end":{"line":647,"column":66}},"347":{"start":{"line":648,"column":10},"end":{"line":648,"column":65}},"348":{"start":{"line":652,"column":6},"end":{"line":656,"column":9}},"349":{"start":{"line":653,"column":8},"end":{"line":653,"column":35}},"350":{"start":{"line":654,"column":28},"end":{"line":654,"column":61}},"351":{"start":{"line":655,"column":8},"end":{"line":655,"column":40}},"352":{"start":{"line":660,"column":4},"end":{"line":846,"column":7}},"353":{"start":{"line":663,"column":6},"end":{"line":703,"column":9}},"354":{"start":{"line":664,"column":8},"end":{"line":664,"column":29}},"355":{"start":{"line":665,"column":8},"end":{"line":665,"column":25}},"356":{"start":{"line":666,"column":8},"end":{"line":681,"column":10}},"357":{"start":{"line":668,"column":13},"end":{"line":680,"column":13}},"358":{"start":{"line":683,"column":8},"end":{"line":683,"column":34}},"359":{"start":{"line":685,"column":8},"end":{"line":689,"column":10}},"360":{"start":{"line":687,"column":12},"end":{"line":687,"column":68}},"361":{"start":{"line":691,"column":8},"end":{"line":691,"column":39}},"362":{"start":{"line":692,"column":8},"end":{"line":692,"column":45}},"363":{"start":{"line":693,"column":8},"end":{"line":693,"column":50}},"364":{"start":{"line":694,"column":8},"end":{"line":694,"column":47}},"365":{"start":{"line":695,"column":8},"end":{"line":695,"column":51}},"366":{"start":{"line":696,"column":8},"end":{"line":702,"column":11}},"367":{"start":{"line":705,"column":6},"end":{"line":738,"column":9}},"368":{"start":{"line":706,"column":28},"end":{"line":706,"column":48}},"369":{"start":{"line":708,"column":27},"end":{"line":708,"column":41}},"370":{"start":{"line":709,"column":27},"end":{"line":709,"column":41}},"371":{"start":{"line":710,"column":27},"end":{"line":710,"column":41}},"372":{"start":{"line":712,"column":24},"end":{"line":712,"column":27}},"373":{"start":{"line":714,"column":26},"end":{"line":714,"column":51}},"374":{"start":{"line":715,"column":24},"end":{"line":715,"column":27}},"375":{"start":{"line":716,"column":26},"end":{"line":716,"column":51}},"376":{"start":{"line":717,"column":24},"end":{"line":717,"column":27}},"377":{"start":{"line":718,"column":26},"end":{"line":718,"column":51}},"378":{"start":{"line":721,"column":8},"end":{"line":721,"column":70}},"379":{"start":{"line":722,"column":8},"end":{"line":722,"column":69}},"380":{"start":{"line":723,"column":8},"end":{"line":723,"column":69}},"381":{"start":{"line":726,"column":8},"end":{"line":726,"column":52}},"382":{"start":{"line":728,"column":8},"end":{"line":728,"column":76}},"383":{"start":{"line":730,"column":8},"end":{"line":730,"column":69}},"384":{"start":{"line":731,"column":8},"end":{"line":731,"column":76}},"385":{"start":{"line":732,"column":8},"end":{"line":732,"column":69}},"386":{"start":{"line":733,"column":8},"end":{"line":733,"column":76}},"387":{"start":{"line":734,"column":8},"end":{"line":734,"column":69}},"388":{"start":{"line":735,"column":8},"end":{"line":735,"column":47}},"389":{"start":{"line":740,"column":6},"end":{"line":756,"column":9}},"390":{"start":{"line":741,"column":28},"end":{"line":741,"column":48}},"391":{"start":{"line":743,"column":27},"end":{"line":743,"column":41}},"392":{"start":{"line":745,"column":24},"end":{"line":745,"column":27}},"393":{"start":{"line":746,"column":26},"end":{"line":746,"column":51}},"394":{"start":{"line":748,"column":8},"end":{"line":748,"column":70}},"395":{"start":{"line":749,"column":8},"end":{"line":749,"column":63}},"396":{"start":{"line":751,"column":8},"end":{"line":751,"column":52}},"397":{"start":{"line":753,"column":8},"end":{"line":753,"column":76}},"398":{"start":{"line":754,"column":8},"end":{"line":754,"column":62}},"399":{"start":{"line":755,"column":8},"end":{"line":755,"column":46}},"400":{"start":{"line":758,"column":6},"end":{"line":790,"column":9}},"401":{"start":{"line":759,"column":28},"end":{"line":759,"column":48}},"402":{"start":{"line":761,"column":27},"end":{"line":761,"column":41}},"403":{"start":{"line":762,"column":27},"end":{"line":762,"column":41}},"404":{"start":{"line":763,"column":27},"end":{"line":763,"column":41}},"405":{"start":{"line":764,"column":27},"end":{"line":764,"column":41}},"406":{"start":{"line":765,"column":24},"end":{"line":765,"column":27}},"407":{"start":{"line":766,"column":26},"end":{"line":766,"column":51}},"408":{"start":{"line":767,"column":24},"end":{"line":767,"column":27}},"409":{"start":{"line":768,"column":26},"end":{"line":768,"column":51}},"410":{"start":{"line":769,"column":24},"end":{"line":769,"column":27}},"411":{"start":{"line":770,"column":26},"end":{"line":770,"column":51}},"412":{"start":{"line":771,"column":24},"end":{"line":771,"column":27}},"413":{"start":{"line":772,"column":26},"end":{"line":772,"column":51}},"414":{"start":{"line":774,"column":8},"end":{"line":774,"column":70}},"415":{"start":{"line":775,"column":8},"end":{"line":775,"column":70}},"416":{"start":{"line":776,"column":8},"end":{"line":776,"column":70}},"417":{"start":{"line":777,"column":8},"end":{"line":777,"column":62}},"418":{"start":{"line":778,"column":8},"end":{"line":778,"column":64}},"419":{"start":{"line":779,"column":8},"end":{"line":779,"column":62}},"420":{"start":{"line":781,"column":8},"end":{"line":781,"column":52}},"421":{"start":{"line":783,"column":8},"end":{"line":783,"column":76}},"422":{"start":{"line":785,"column":8},"end":{"line":785,"column":68}},"423":{"start":{"line":786,"column":8},"end":{"line":786,"column":76}},"424":{"start":{"line":787,"column":8},"end":{"line":787,"column":68}},"425":{"start":{"line":789,"column":8},"end":{"line":789,"column":46}},"426":{"start":{"line":792,"column":6},"end":{"line":805,"column":9}},"427":{"start":{"line":793,"column":30},"end":{"line":793,"column":37}},"428":{"start":{"line":794,"column":8},"end":{"line":794,"column":46}},"429":{"start":{"line":796,"column":28},"end":{"line":796,"column":48}},"430":{"start":{"line":797,"column":27},"end":{"line":797,"column":44}},"431":{"start":{"line":799,"column":8},"end":{"line":804,"column":9}},"432":{"start":{"line":800,"column":10},"end":{"line":800,"column":70}},"433":{"start":{"line":802,"column":10},"end":{"line":802,"column":48}},"434":{"start":{"line":803,"column":10},"end":{"line":803,"column":89}},"435":{"start":{"line":807,"column":6},"end":{"line":818,"column":9}},"436":{"start":{"line":808,"column":28},"end":{"line":808,"column":48}},"437":{"start":{"line":809,"column":33},"end":{"line":809,"column":62}},"438":{"start":{"line":810,"column":8},"end":{"line":810,"column":52}},"439":{"start":{"line":812,"column":8},"end":{"line":817,"column":9}},"440":{"start":{"line":813,"column":10},"end":{"line":813,"column":71}},"441":{"start":{"line":815,"column":10},"end":{"line":815,"column":48}},"442":{"start":{"line":816,"column":10},"end":{"line":816,"column":95}},"443":{"start":{"line":820,"column":6},"end":{"line":824,"column":9}},"444":{"start":{"line":821,"column":19},"end":{"line":821,"column":28}},"445":{"start":{"line":823,"column":8},"end":{"line":823,"column":106}},"446":{"start":{"line":823,"column":21},"end":{"line":823,"column":51}},"447":{"start":{"line":826,"column":6},"end":{"line":830,"column":9}},"448":{"start":{"line":827,"column":19},"end":{"line":827,"column":23}},"449":{"start":{"line":829,"column":8},"end":{"line":829,"column":106}},"450":{"start":{"line":829,"column":21},"end":{"line":829,"column":51}},"451":{"start":{"line":832,"column":6},"end":{"line":836,"column":9}},"452":{"start":{"line":833,"column":19},"end":{"line":833,"column":21}},"453":{"start":{"line":835,"column":8},"end":{"line":835,"column":93}},"454":{"start":{"line":835,"column":21},"end":{"line":835,"column":51}},"455":{"start":{"line":838,"column":6},"end":{"line":842,"column":9}},"456":{"start":{"line":839,"column":19},"end":{"line":839,"column":30}},"457":{"start":{"line":841,"column":8},"end":{"line":841,"column":93}},"458":{"start":{"line":841,"column":21},"end":{"line":841,"column":51}},"459":{"start":{"line":848,"column":4},"end":{"line":940,"column":7}},"460":{"start":{"line":850,"column":6},"end":{"line":850,"column":14}},"461":{"start":{"line":851,"column":6},"end":{"line":910,"column":9}},"462":{"start":{"line":852,"column":8},"end":{"line":852,"column":29}},"463":{"start":{"line":853,"column":8},"end":{"line":853,"column":25}},"464":{"start":{"line":854,"column":8},"end":{"line":869,"column":10}},"465":{"start":{"line":856,"column":13},"end":{"line":868,"column":13}},"466":{"start":{"line":871,"column":8},"end":{"line":871,"column":34}},"467":{"start":{"line":873,"column":8},"end":{"line":877,"column":10}},"468":{"start":{"line":875,"column":12},"end":{"line":875,"column":68}},"469":{"start":{"line":879,"column":8},"end":{"line":879,"column":39}},"470":{"start":{"line":880,"column":8},"end":{"line":880,"column":45}},"471":{"start":{"line":881,"column":8},"end":{"line":881,"column":50}},"472":{"start":{"line":882,"column":8},"end":{"line":882,"column":31}},"473":{"start":{"line":883,"column":8},"end":{"line":883,"column":51}},"474":{"start":{"line":884,"column":8},"end":{"line":890,"column":11}},"475":{"start":{"line":892,"column":28},"end":{"line":892,"column":48}},"476":{"start":{"line":894,"column":27},"end":{"line":894,"column":41}},"477":{"start":{"line":895,"column":27},"end":{"line":895,"column":41}},"478":{"start":{"line":896,"column":27},"end":{"line":896,"column":41}},"479":{"start":{"line":898,"column":8},"end":{"line":898,"column":24}},"480":{"start":{"line":899,"column":8},"end":{"line":899,"column":48}},"481":{"start":{"line":900,"column":24},"end":{"line":900,"column":27}},"482":{"start":{"line":901,"column":26},"end":{"line":901,"column":51}},"483":{"start":{"line":902,"column":8},"end":{"line":902,"column":24}},"484":{"start":{"line":903,"column":26},"end":{"line":903,"column":51}},"485":{"start":{"line":904,"column":8},"end":{"line":904,"column":16}},"486":{"start":{"line":905,"column":8},"end":{"line":905,"column":71}},"487":{"start":{"line":906,"column":8},"end":{"line":906,"column":71}},"488":{"start":{"line":907,"column":8},"end":{"line":907,"column":71}},"489":{"start":{"line":912,"column":6},"end":{"line":925,"column":9}},"490":{"start":{"line":913,"column":8},"end":{"line":913,"column":52}},"491":{"start":{"line":914,"column":21},"end":{"line":914,"column":67}},"492":{"start":{"line":917,"column":8},"end":{"line":918,"column":57}},"493":{"start":{"line":919,"column":8},"end":{"line":919,"column":62}},"494":{"start":{"line":920,"column":8},"end":{"line":920,"column":62}},"495":{"start":{"line":921,"column":8},"end":{"line":921,"column":83}},"496":{"start":{"line":922,"column":22},"end":{"line":922,"column":68}},"497":{"start":{"line":923,"column":8},"end":{"line":923,"column":63}},"498":{"start":{"line":924,"column":8},"end":{"line":924,"column":41}},"499":{"start":{"line":927,"column":6},"end":{"line":938,"column":9}},"500":{"start":{"line":928,"column":22},"end":{"line":928,"column":57}},"501":{"start":{"line":929,"column":26},"end":{"line":929,"column":46}},"502":{"start":{"line":930,"column":8},"end":{"line":930,"column":47}},"503":{"start":{"line":932,"column":8},"end":{"line":937,"column":9}},"504":{"start":{"line":933,"column":10},"end":{"line":933,"column":46}},"505":{"start":{"line":935,"column":10},"end":{"line":935,"column":48}},"506":{"start":{"line":936,"column":10},"end":{"line":936,"column":85}},"507":{"start":{"line":942,"column":4},"end":{"line":1031,"column":7}},"508":{"start":{"line":945,"column":6},"end":{"line":1003,"column":9}},"509":{"start":{"line":946,"column":8},"end":{"line":946,"column":29}},"510":{"start":{"line":947,"column":8},"end":{"line":947,"column":25}},"511":{"start":{"line":948,"column":8},"end":{"line":963,"column":10}},"512":{"start":{"line":950,"column":13},"end":{"line":962,"column":13}},"513":{"start":{"line":965,"column":8},"end":{"line":965,"column":34}},"514":{"start":{"line":967,"column":8},"end":{"line":971,"column":10}},"515":{"start":{"line":969,"column":12},"end":{"line":969,"column":68}},"516":{"start":{"line":972,"column":8},"end":{"line":972,"column":39}},"517":{"start":{"line":973,"column":8},"end":{"line":973,"column":45}},"518":{"start":{"line":974,"column":8},"end":{"line":974,"column":50}},"519":{"start":{"line":975,"column":8},"end":{"line":975,"column":47}},"520":{"start":{"line":976,"column":8},"end":{"line":976,"column":51}},"521":{"start":{"line":977,"column":8},"end":{"line":983,"column":11}},"522":{"start":{"line":985,"column":28},"end":{"line":985,"column":48}},"523":{"start":{"line":987,"column":27},"end":{"line":987,"column":41}},"524":{"start":{"line":988,"column":27},"end":{"line":988,"column":41}},"525":{"start":{"line":989,"column":27},"end":{"line":989,"column":41}},"526":{"start":{"line":991,"column":24},"end":{"line":991,"column":27}},"527":{"start":{"line":992,"column":26},"end":{"line":992,"column":51}},"528":{"start":{"line":993,"column":24},"end":{"line":993,"column":27}},"529":{"start":{"line":994,"column":26},"end":{"line":994,"column":51}},"530":{"start":{"line":995,"column":24},"end":{"line":995,"column":27}},"531":{"start":{"line":996,"column":26},"end":{"line":996,"column":51}},"532":{"start":{"line":998,"column":8},"end":{"line":998,"column":71}},"533":{"start":{"line":999,"column":8},"end":{"line":999,"column":71}},"534":{"start":{"line":1000,"column":8},"end":{"line":1000,"column":71}},"535":{"start":{"line":1005,"column":6},"end":{"line":1014,"column":9}},"536":{"start":{"line":1007,"column":27},"end":{"line":1007,"column":72}},"537":{"start":{"line":1008,"column":22},"end":{"line":1008,"column":50}},"538":{"start":{"line":1010,"column":8},"end":{"line":1010,"column":37}},"539":{"start":{"line":1011,"column":8},"end":{"line":1011,"column":45}},"540":{"start":{"line":1012,"column":8},"end":{"line":1012,"column":50}},"541":{"start":{"line":1018,"column":6},"end":{"line":1029,"column":9}},"542":{"start":{"line":1019,"column":22},"end":{"line":1019,"column":57}},"543":{"start":{"line":1020,"column":26},"end":{"line":1020,"column":46}},"544":{"start":{"line":1021,"column":8},"end":{"line":1021,"column":47}},"545":{"start":{"line":1023,"column":8},"end":{"line":1028,"column":9}},"546":{"start":{"line":1024,"column":10},"end":{"line":1024,"column":46}},"547":{"start":{"line":1026,"column":10},"end":{"line":1026,"column":48}},"548":{"start":{"line":1027,"column":10},"end":{"line":1027,"column":85}},"549":{"start":{"line":1033,"column":4},"end":{"line":1121,"column":7}},"550":{"start":{"line":1036,"column":6},"end":{"line":1095,"column":9}},"551":{"start":{"line":1037,"column":8},"end":{"line":1037,"column":29}},"552":{"start":{"line":1038,"column":8},"end":{"line":1038,"column":25}},"553":{"start":{"line":1039,"column":8},"end":{"line":1054,"column":10}},"554":{"start":{"line":1041,"column":13},"end":{"line":1053,"column":13}},"555":{"start":{"line":1056,"column":8},"end":{"line":1056,"column":34}},"556":{"start":{"line":1058,"column":8},"end":{"line":1062,"column":10}},"557":{"start":{"line":1060,"column":12},"end":{"line":1060,"column":68}},"558":{"start":{"line":1063,"column":8},"end":{"line":1063,"column":39}},"559":{"start":{"line":1064,"column":8},"end":{"line":1064,"column":45}},"560":{"start":{"line":1065,"column":8},"end":{"line":1065,"column":50}},"561":{"start":{"line":1066,"column":8},"end":{"line":1066,"column":47}},"562":{"start":{"line":1067,"column":8},"end":{"line":1067,"column":51}},"563":{"start":{"line":1068,"column":8},"end":{"line":1074,"column":11}},"564":{"start":{"line":1076,"column":28},"end":{"line":1076,"column":48}},"565":{"start":{"line":1078,"column":27},"end":{"line":1078,"column":41}},"566":{"start":{"line":1079,"column":27},"end":{"line":1079,"column":41}},"567":{"start":{"line":1080,"column":27},"end":{"line":1080,"column":41}},"568":{"start":{"line":1082,"column":24},"end":{"line":1082,"column":27}},"569":{"start":{"line":1083,"column":9},"end":{"line":1083,"column":49}},"570":{"start":{"line":1084,"column":24},"end":{"line":1084,"column":27}},"571":{"start":{"line":1085,"column":8},"end":{"line":1085,"column":48}},"572":{"start":{"line":1086,"column":24},"end":{"line":1086,"column":27}},"573":{"start":{"line":1087,"column":8},"end":{"line":1087,"column":48}},"574":{"start":{"line":1089,"column":8},"end":{"line":1089,"column":70}},"575":{"start":{"line":1090,"column":8},"end":{"line":1090,"column":71}},"576":{"start":{"line":1091,"column":8},"end":{"line":1091,"column":71}},"577":{"start":{"line":1093,"column":8},"end":{"line":1093,"column":53}},"578":{"start":{"line":1097,"column":6},"end":{"line":1106,"column":9}},"579":{"start":{"line":1099,"column":22},"end":{"line":1099,"column":50}},"580":{"start":{"line":1100,"column":25},"end":{"line":1100,"column":75}},"581":{"start":{"line":1102,"column":8},"end":{"line":1102,"column":105}},"582":{"start":{"line":1103,"column":8},"end":{"line":1103,"column":105}},"583":{"start":{"line":1104,"column":8},"end":{"line":1104,"column":105}},"584":{"start":{"line":1108,"column":6},"end":{"line":1119,"column":9}},"585":{"start":{"line":1109,"column":22},"end":{"line":1109,"column":57}},"586":{"start":{"line":1110,"column":26},"end":{"line":1110,"column":46}},"587":{"start":{"line":1111,"column":8},"end":{"line":1111,"column":47}},"588":{"start":{"line":1113,"column":8},"end":{"line":1118,"column":9}},"589":{"start":{"line":1114,"column":10},"end":{"line":1114,"column":50}},"590":{"start":{"line":1116,"column":10},"end":{"line":1116,"column":48}},"591":{"start":{"line":1117,"column":10},"end":{"line":1117,"column":85}},"592":{"start":{"line":1123,"column":4},"end":{"line":1251,"column":6}},"593":{"start":{"line":1126,"column":6},"end":{"line":1206,"column":11}},"594":{"start":{"line":1127,"column":8},"end":{"line":1127,"column":29}},"595":{"start":{"line":1128,"column":8},"end":{"line":1128,"column":25}},"596":{"start":{"line":1129,"column":8},"end":{"line":1129,"column":21}},"597":{"start":{"line":1130,"column":8},"end":{"line":1130,"column":21}},"598":{"start":{"line":1131,"column":8},"end":{"line":1131,"column":21}},"599":{"start":{"line":1132,"column":8},"end":{"line":1132,"column":21}},"600":{"start":{"line":1134,"column":8},"end":{"line":1149,"column":10}},"601":{"start":{"line":1136,"column":13},"end":{"line":1148,"column":13}},"602":{"start":{"line":1151,"column":8},"end":{"line":1166,"column":10}},"603":{"start":{"line":1153,"column":13},"end":{"line":1165,"column":13}},"604":{"start":{"line":1168,"column":8},"end":{"line":1183,"column":10}},"605":{"start":{"line":1170,"column":13},"end":{"line":1182,"column":13}},"606":{"start":{"line":1185,"column":8},"end":{"line":1185,"column":34}},"607":{"start":{"line":1187,"column":8},"end":{"line":1190,"column":10}},"608":{"start":{"line":1189,"column":12},"end":{"line":1189,"column":68}},"609":{"start":{"line":1191,"column":8},"end":{"line":1191,"column":34}},"610":{"start":{"line":1193,"column":8},"end":{"line":1196,"column":10}},"611":{"start":{"line":1195,"column":12},"end":{"line":1195,"column":68}},"612":{"start":{"line":1198,"column":8},"end":{"line":1198,"column":34}},"613":{"start":{"line":1199,"column":8},"end":{"line":1202,"column":10}},"614":{"start":{"line":1201,"column":12},"end":{"line":1201,"column":68}},"615":{"start":{"line":1205,"column":8},"end":{"line":1205,"column":48}},"616":{"start":{"line":1210,"column":8},"end":{"line":1244,"column":11}},"617":{"start":{"line":1212,"column":33},"end":{"line":1212,"column":72}},"618":{"start":{"line":1213,"column":10},"end":{"line":1213,"column":59}},"619":{"start":{"line":1214,"column":10},"end":{"line":1214,"column":59}},"620":{"start":{"line":1215,"column":10},"end":{"line":1215,"column":59}},"621":{"start":{"line":1216,"column":10},"end":{"line":1216,"column":59}},"622":{"start":{"line":1217,"column":10},"end":{"line":1217,"column":59}},"623":{"start":{"line":1218,"column":10},"end":{"line":1218,"column":59}},"624":{"start":{"line":1219,"column":10},"end":{"line":1219,"column":59}},"625":{"start":{"line":1220,"column":10},"end":{"line":1220,"column":59}},"626":{"start":{"line":1221,"column":10},"end":{"line":1221,"column":59}},"627":{"start":{"line":1223,"column":10},"end":{"line":1223,"column":52}},"628":{"start":{"line":1225,"column":33},"end":{"line":1225,"column":72}},"629":{"start":{"line":1227,"column":10},"end":{"line":1227,"column":59}},"630":{"start":{"line":1228,"column":10},"end":{"line":1228,"column":59}},"631":{"start":{"line":1229,"column":10},"end":{"line":1229,"column":59}},"632":{"start":{"line":1230,"column":10},"end":{"line":1230,"column":59}},"633":{"start":{"line":1231,"column":10},"end":{"line":1231,"column":59}},"634":{"start":{"line":1232,"column":10},"end":{"line":1232,"column":59}},"635":{"start":{"line":1234,"column":10},"end":{"line":1234,"column":52}},"636":{"start":{"line":1236,"column":33},"end":{"line":1236,"column":72}},"637":{"start":{"line":1238,"column":10},"end":{"line":1238,"column":59}},"638":{"start":{"line":1239,"column":10},"end":{"line":1239,"column":59}},"639":{"start":{"line":1240,"column":10},"end":{"line":1240,"column":59}},"640":{"start":{"line":1242,"column":10},"end":{"line":1242,"column":52}},"641":{"start":{"line":1246,"column":8},"end":{"line":1250,"column":10}},"642":{"start":{"line":1247,"column":33},"end":{"line":1247,"column":72}},"643":{"start":{"line":1248,"column":29},"end":{"line":1248,"column":31}},"644":{"start":{"line":1249,"column":10},"end":{"line":1249,"column":47}}},"fnMap":{"0":{"name":"(anonymous_0)","decl":{"start":{"line":22,"column":18},"end":{"line":22,"column":19}},"loc":{"start":{"line":22,"column":24},"end":{"line":1254,"column":1}},"line":22},"1":{"name":"(anonymous_1)","decl":{"start":{"line":25,"column":9},"end":{"line":25,"column":10}},"loc":{"start":{"line":25,"column":15},"end":{"line":25,"column":63}},"line":25},"2":{"name":"(anonymous_2)","decl":{"start":{"line":26,"column":8},"end":{"line":26,"column":9}},"loc":{"start":{"line":26,"column":20},"end":{"line":29,"column":26}},"line":26},"3":{"name":"(anonymous_3)","decl":{"start":{"line":31,"column":13},"end":{"line":31,"column":14}},"loc":{"start":{"line":31,"column":25},"end":{"line":39,"column":3}},"line":31},"4":{"name":"(anonymous_4)","decl":{"start":{"line":41,"column":24},"end":{"line":41,"column":25}},"loc":{"start":{"line":41,"column":30},"end":{"line":512,"column":3}},"line":41},"5":{"name":"(anonymous_5)","decl":{"start":{"line":43,"column":30},"end":{"line":43,"column":31}},"loc":{"start":{"line":43,"column":41},"end":{"line":184,"column":5}},"line":43},"6":{"name":"(anonymous_6)","decl":{"start":{"line":44,"column":18},"end":{"line":44,"column":19}},"loc":{"start":{"line":44,"column":29},"end":{"line":44,"column":46}},"line":44},"7":{"name":"(anonymous_7)","decl":{"start":{"line":46,"column":43},"end":{"line":46,"column":44}},"loc":{"start":{"line":46,"column":60},"end":{"line":67,"column":7}},"line":46},"8":{"name":"(anonymous_8)","decl":{"start":{"line":69,"column":43},"end":{"line":69,"column":44}},"loc":{"start":{"line":69,"column":49},"end":{"line":84,"column":7}},"line":69},"9":{"name":"(anonymous_9)","decl":{"start":{"line":71,"column":10},"end":{"line":71,"column":11}},"loc":{"start":{"line":71,"column":22},"end":{"line":71,"column":90}},"line":71},"10":{"name":"(anonymous_10)","decl":{"start":{"line":74,"column":50},"end":{"line":74,"column":51}},"loc":{"start":{"line":74,"column":62},"end":{"line":83,"column":9}},"line":74},"11":{"name":"(anonymous_11)","decl":{"start":{"line":86,"column":42},"end":{"line":86,"column":43}},"loc":{"start":{"line":86,"column":48},"end":{"line":93,"column":7}},"line":86},"12":{"name":"(anonymous_12)","decl":{"start":{"line":89,"column":15},"end":{"line":89,"column":16}},"loc":{"start":{"line":89,"column":21},"end":{"line":89,"column":87}},"line":89},"13":{"name":"(anonymous_13)","decl":{"start":{"line":95,"column":38},"end":{"line":95,"column":39}},"loc":{"start":{"line":95,"column":44},"end":{"line":102,"column":7}},"line":95},"14":{"name":"(anonymous_14)","decl":{"start":{"line":98,"column":15},"end":{"line":98,"column":16}},"loc":{"start":{"line":98,"column":21},"end":{"line":98,"column":87}},"line":98},"15":{"name":"(anonymous_15)","decl":{"start":{"line":104,"column":38},"end":{"line":104,"column":39}},"loc":{"start":{"line":104,"column":44},"end":{"line":111,"column":7}},"line":104},"16":{"name":"(anonymous_16)","decl":{"start":{"line":107,"column":15},"end":{"line":107,"column":16}},"loc":{"start":{"line":107,"column":21},"end":{"line":107,"column":87}},"line":107},"17":{"name":"(anonymous_17)","decl":{"start":{"line":113,"column":45},"end":{"line":113,"column":46}},"loc":{"start":{"line":113,"column":51},"end":{"line":120,"column":7}},"line":113},"18":{"name":"(anonymous_18)","decl":{"start":{"line":116,"column":15},"end":{"line":116,"column":16}},"loc":{"start":{"line":116,"column":21},"end":{"line":116,"column":87}},"line":116},"19":{"name":"(anonymous_19)","decl":{"start":{"line":122,"column":40},"end":{"line":122,"column":41}},"loc":{"start":{"line":122,"column":46},"end":{"line":129,"column":7}},"line":122},"20":{"name":"(anonymous_20)","decl":{"start":{"line":125,"column":15},"end":{"line":125,"column":16}},"loc":{"start":{"line":125,"column":21},"end":{"line":125,"column":87}},"line":125},"21":{"name":"(anonymous_21)","decl":{"start":{"line":131,"column":41},"end":{"line":131,"column":42}},"loc":{"start":{"line":131,"column":47},"end":{"line":138,"column":7}},"line":131},"22":{"name":"(anonymous_22)","decl":{"start":{"line":134,"column":15},"end":{"line":134,"column":16}},"loc":{"start":{"line":134,"column":21},"end":{"line":134,"column":87}},"line":134},"23":{"name":"(anonymous_23)","decl":{"start":{"line":140,"column":41},"end":{"line":140,"column":42}},"loc":{"start":{"line":140,"column":47},"end":{"line":147,"column":7}},"line":140},"24":{"name":"(anonymous_24)","decl":{"start":{"line":143,"column":15},"end":{"line":143,"column":16}},"loc":{"start":{"line":143,"column":21},"end":{"line":143,"column":87}},"line":143},"25":{"name":"(anonymous_25)","decl":{"start":{"line":149,"column":43},"end":{"line":149,"column":44}},"loc":{"start":{"line":149,"column":49},"end":{"line":156,"column":7}},"line":149},"26":{"name":"(anonymous_26)","decl":{"start":{"line":152,"column":15},"end":{"line":152,"column":16}},"loc":{"start":{"line":152,"column":21},"end":{"line":152,"column":87}},"line":152},"27":{"name":"(anonymous_27)","decl":{"start":{"line":158,"column":38},"end":{"line":158,"column":39}},"loc":{"start":{"line":158,"column":44},"end":{"line":165,"column":7}},"line":158},"28":{"name":"(anonymous_28)","decl":{"start":{"line":161,"column":15},"end":{"line":161,"column":16}},"loc":{"start":{"line":161,"column":21},"end":{"line":161,"column":87}},"line":161},"29":{"name":"(anonymous_29)","decl":{"start":{"line":167,"column":39},"end":{"line":167,"column":40}},"loc":{"start":{"line":167,"column":45},"end":{"line":174,"column":7}},"line":167},"30":{"name":"(anonymous_30)","decl":{"start":{"line":170,"column":15},"end":{"line":170,"column":16}},"loc":{"start":{"line":170,"column":21},"end":{"line":170,"column":87}},"line":170},"31":{"name":"(anonymous_31)","decl":{"start":{"line":176,"column":39},"end":{"line":176,"column":40}},"loc":{"start":{"line":176,"column":45},"end":{"line":183,"column":7}},"line":176},"32":{"name":"(anonymous_32)","decl":{"start":{"line":179,"column":15},"end":{"line":179,"column":16}},"loc":{"start":{"line":179,"column":21},"end":{"line":179,"column":87}},"line":179},"33":{"name":"(anonymous_33)","decl":{"start":{"line":186,"column":34},"end":{"line":186,"column":35}},"loc":{"start":{"line":186,"column":40},"end":{"line":294,"column":5}},"line":186},"34":{"name":"(anonymous_34)","decl":{"start":{"line":187,"column":17},"end":{"line":187,"column":18}},"loc":{"start":{"line":187,"column":29},"end":{"line":190,"column":7}},"line":187},"35":{"name":"(anonymous_35)","decl":{"start":{"line":192,"column":50},"end":{"line":192,"column":51}},"loc":{"start":{"line":192,"column":62},"end":{"line":201,"column":7}},"line":192},"36":{"name":"(anonymous_36)","decl":{"start":{"line":203,"column":45},"end":{"line":203,"column":46}},"loc":{"start":{"line":203,"column":57},"end":{"line":213,"column":7}},"line":203},"37":{"name":"(anonymous_37)","decl":{"start":{"line":215,"column":43},"end":{"line":215,"column":44}},"loc":{"start":{"line":215,"column":49},"end":{"line":222,"column":7}},"line":215},"38":{"name":"(anonymous_38)","decl":{"start":{"line":218,"column":15},"end":{"line":218,"column":16}},"loc":{"start":{"line":218,"column":21},"end":{"line":218,"column":60}},"line":218},"39":{"name":"(anonymous_39)","decl":{"start":{"line":224,"column":38},"end":{"line":224,"column":39}},"loc":{"start":{"line":224,"column":44},"end":{"line":231,"column":7}},"line":224},"40":{"name":"(anonymous_40)","decl":{"start":{"line":227,"column":15},"end":{"line":227,"column":16}},"loc":{"start":{"line":227,"column":21},"end":{"line":227,"column":60}},"line":227},"41":{"name":"(anonymous_41)","decl":{"start":{"line":233,"column":39},"end":{"line":233,"column":40}},"loc":{"start":{"line":233,"column":45},"end":{"line":240,"column":7}},"line":233},"42":{"name":"(anonymous_42)","decl":{"start":{"line":236,"column":15},"end":{"line":236,"column":16}},"loc":{"start":{"line":236,"column":21},"end":{"line":236,"column":60}},"line":236},"43":{"name":"(anonymous_43)","decl":{"start":{"line":242,"column":39},"end":{"line":242,"column":40}},"loc":{"start":{"line":242,"column":45},"end":{"line":249,"column":7}},"line":242},"44":{"name":"(anonymous_44)","decl":{"start":{"line":245,"column":15},"end":{"line":245,"column":16}},"loc":{"start":{"line":245,"column":21},"end":{"line":245,"column":60}},"line":245},"45":{"name":"(anonymous_45)","decl":{"start":{"line":251,"column":43},"end":{"line":251,"column":44}},"loc":{"start":{"line":251,"column":49},"end":{"line":257,"column":7}},"line":251},"46":{"name":"(anonymous_46)","decl":{"start":{"line":253,"column":15},"end":{"line":253,"column":16}},"loc":{"start":{"line":253,"column":21},"end":{"line":253,"column":63}},"line":253},"47":{"name":"(anonymous_47)","decl":{"start":{"line":259,"column":46},"end":{"line":259,"column":47}},"loc":{"start":{"line":259,"column":52},"end":{"line":266,"column":7}},"line":259},"48":{"name":"(anonymous_48)","decl":{"start":{"line":262,"column":15},"end":{"line":262,"column":16}},"loc":{"start":{"line":262,"column":21},"end":{"line":262,"column":60}},"line":262},"49":{"name":"(anonymous_49)","decl":{"start":{"line":268,"column":41},"end":{"line":268,"column":42}},"loc":{"start":{"line":268,"column":47},"end":{"line":275,"column":7}},"line":268},"50":{"name":"(anonymous_50)","decl":{"start":{"line":271,"column":15},"end":{"line":271,"column":16}},"loc":{"start":{"line":271,"column":21},"end":{"line":271,"column":60}},"line":271},"51":{"name":"(anonymous_51)","decl":{"start":{"line":277,"column":42},"end":{"line":277,"column":43}},"loc":{"start":{"line":277,"column":48},"end":{"line":284,"column":7}},"line":277},"52":{"name":"(anonymous_52)","decl":{"start":{"line":280,"column":15},"end":{"line":280,"column":16}},"loc":{"start":{"line":280,"column":21},"end":{"line":280,"column":60}},"line":280},"53":{"name":"(anonymous_53)","decl":{"start":{"line":286,"column":42},"end":{"line":286,"column":43}},"loc":{"start":{"line":286,"column":48},"end":{"line":293,"column":7}},"line":286},"54":{"name":"(anonymous_54)","decl":{"start":{"line":289,"column":15},"end":{"line":289,"column":16}},"loc":{"start":{"line":289,"column":21},"end":{"line":289,"column":60}},"line":289},"55":{"name":"(anonymous_55)","decl":{"start":{"line":296,"column":30},"end":{"line":296,"column":31}},"loc":{"start":{"line":296,"column":36},"end":{"line":356,"column":5}},"line":296},"56":{"name":"(anonymous_56)","decl":{"start":{"line":300,"column":8},"end":{"line":300,"column":9}},"loc":{"start":{"line":301,"column":11},"end":{"line":307,"column":12}},"line":301},"57":{"name":"(anonymous_57)","decl":{"start":{"line":310,"column":60},"end":{"line":310,"column":61}},"loc":{"start":{"line":310,"column":72},"end":{"line":318,"column":7}},"line":310},"58":{"name":"(anonymous_58)","decl":{"start":{"line":320,"column":40},"end":{"line":320,"column":41}},"loc":{"start":{"line":320,"column":52},"end":{"line":331,"column":7}},"line":320},"59":{"name":"(anonymous_59)","decl":{"start":{"line":333,"column":40},"end":{"line":333,"column":41}},"loc":{"start":{"line":333,"column":46},"end":{"line":337,"column":7}},"line":333},"60":{"name":"(anonymous_60)","decl":{"start":{"line":336,"column":15},"end":{"line":336,"column":16}},"loc":{"start":{"line":336,"column":21},"end":{"line":336,"column":43}},"line":336},"61":{"name":"(anonymous_61)","decl":{"start":{"line":339,"column":35},"end":{"line":339,"column":36}},"loc":{"start":{"line":339,"column":41},"end":{"line":343,"column":7}},"line":339},"62":{"name":"(anonymous_62)","decl":{"start":{"line":342,"column":15},"end":{"line":342,"column":16}},"loc":{"start":{"line":342,"column":21},"end":{"line":342,"column":43}},"line":342},"63":{"name":"(anonymous_63)","decl":{"start":{"line":345,"column":36},"end":{"line":345,"column":37}},"loc":{"start":{"line":345,"column":42},"end":{"line":349,"column":7}},"line":345},"64":{"name":"(anonymous_64)","decl":{"start":{"line":348,"column":15},"end":{"line":348,"column":16}},"loc":{"start":{"line":348,"column":21},"end":{"line":348,"column":43}},"line":348},"65":{"name":"(anonymous_65)","decl":{"start":{"line":351,"column":36},"end":{"line":351,"column":37}},"loc":{"start":{"line":351,"column":42},"end":{"line":355,"column":7}},"line":351},"66":{"name":"(anonymous_66)","decl":{"start":{"line":354,"column":15},"end":{"line":354,"column":16}},"loc":{"start":{"line":354,"column":21},"end":{"line":354,"column":43}},"line":354},"67":{"name":"(anonymous_67)","decl":{"start":{"line":358,"column":28},"end":{"line":358,"column":29}},"loc":{"start":{"line":358,"column":34},"end":{"line":449,"column":5}},"line":358},"68":{"name":"(anonymous_68)","decl":{"start":{"line":362,"column":17},"end":{"line":362,"column":18}},"loc":{"start":{"line":362,"column":29},"end":{"line":375,"column":7}},"line":362},"69":{"name":"(anonymous_69)","decl":{"start":{"line":377,"column":60},"end":{"line":377,"column":61}},"loc":{"start":{"line":377,"column":72},"end":{"line":393,"column":7}},"line":377},"70":{"name":"(anonymous_70)","decl":{"start":{"line":395,"column":40},"end":{"line":395,"column":41}},"loc":{"start":{"line":395,"column":52},"end":{"line":406,"column":7}},"line":395},"71":{"name":"(anonymous_71)","decl":{"start":{"line":408,"column":40},"end":{"line":408,"column":41}},"loc":{"start":{"line":408,"column":46},"end":{"line":412,"column":7}},"line":408},"72":{"name":"(anonymous_72)","decl":{"start":{"line":411,"column":15},"end":{"line":411,"column":16}},"loc":{"start":{"line":411,"column":21},"end":{"line":411,"column":45}},"line":411},"73":{"name":"(anonymous_73)","decl":{"start":{"line":414,"column":35},"end":{"line":414,"column":36}},"loc":{"start":{"line":414,"column":41},"end":{"line":418,"column":7}},"line":414},"74":{"name":"(anonymous_74)","decl":{"start":{"line":417,"column":15},"end":{"line":417,"column":16}},"loc":{"start":{"line":417,"column":21},"end":{"line":417,"column":45}},"line":417},"75":{"name":"(anonymous_75)","decl":{"start":{"line":420,"column":36},"end":{"line":420,"column":37}},"loc":{"start":{"line":420,"column":42},"end":{"line":424,"column":7}},"line":420},"76":{"name":"(anonymous_76)","decl":{"start":{"line":423,"column":15},"end":{"line":423,"column":16}},"loc":{"start":{"line":423,"column":21},"end":{"line":423,"column":45}},"line":423},"77":{"name":"(anonymous_77)","decl":{"start":{"line":426,"column":36},"end":{"line":426,"column":37}},"loc":{"start":{"line":426,"column":42},"end":{"line":430,"column":7}},"line":426},"78":{"name":"(anonymous_78)","decl":{"start":{"line":429,"column":15},"end":{"line":429,"column":16}},"loc":{"start":{"line":429,"column":21},"end":{"line":429,"column":45}},"line":429},"79":{"name":"(anonymous_79)","decl":{"start":{"line":432,"column":42},"end":{"line":432,"column":43}},"loc":{"start":{"line":432,"column":48},"end":{"line":439,"column":7}},"line":432},"80":{"name":"(anonymous_80)","decl":{"start":{"line":435,"column":15},"end":{"line":435,"column":16}},"loc":{"start":{"line":435,"column":21},"end":{"line":435,"column":52}},"line":435},"81":{"name":"(anonymous_81)","decl":{"start":{"line":441,"column":37},"end":{"line":441,"column":38}},"loc":{"start":{"line":441,"column":43},"end":{"line":448,"column":7}},"line":441},"82":{"name":"(anonymous_82)","decl":{"start":{"line":444,"column":15},"end":{"line":444,"column":16}},"loc":{"start":{"line":444,"column":21},"end":{"line":444,"column":52}},"line":444},"83":{"name":"(anonymous_83)","decl":{"start":{"line":451,"column":28},"end":{"line":451,"column":29}},"loc":{"start":{"line":451,"column":34},"end":{"line":510,"column":5}},"line":451},"84":{"name":"(anonymous_84)","decl":{"start":{"line":453,"column":17},"end":{"line":453,"column":18}},"loc":{"start":{"line":453,"column":29},"end":{"line":458,"column":7}},"line":453},"85":{"name":"(anonymous_85)","decl":{"start":{"line":460,"column":45},"end":{"line":460,"column":46}},"loc":{"start":{"line":460,"column":57},"end":{"line":466,"column":7}},"line":460},"86":{"name":"(anonymous_86)","decl":{"start":{"line":468,"column":41},"end":{"line":468,"column":42}},"loc":{"start":{"line":468,"column":53},"end":{"line":485,"column":7}},"line":468},"87":{"name":"(anonymous_87)","decl":{"start":{"line":487,"column":40},"end":{"line":487,"column":41}},"loc":{"start":{"line":487,"column":46},"end":{"line":491,"column":7}},"line":487},"88":{"name":"(anonymous_88)","decl":{"start":{"line":490,"column":15},"end":{"line":490,"column":16}},"loc":{"start":{"line":490,"column":21},"end":{"line":490,"column":45}},"line":490},"89":{"name":"(anonymous_89)","decl":{"start":{"line":493,"column":35},"end":{"line":493,"column":36}},"loc":{"start":{"line":493,"column":41},"end":{"line":497,"column":7}},"line":493},"90":{"name":"(anonymous_90)","decl":{"start":{"line":496,"column":15},"end":{"line":496,"column":16}},"loc":{"start":{"line":496,"column":21},"end":{"line":496,"column":45}},"line":496},"91":{"name":"(anonymous_91)","decl":{"start":{"line":499,"column":36},"end":{"line":499,"column":37}},"loc":{"start":{"line":499,"column":42},"end":{"line":503,"column":7}},"line":499},"92":{"name":"(anonymous_92)","decl":{"start":{"line":502,"column":15},"end":{"line":502,"column":16}},"loc":{"start":{"line":502,"column":21},"end":{"line":502,"column":45}},"line":502},"93":{"name":"(anonymous_93)","decl":{"start":{"line":505,"column":36},"end":{"line":505,"column":37}},"loc":{"start":{"line":505,"column":42},"end":{"line":509,"column":7}},"line":505},"94":{"name":"(anonymous_94)","decl":{"start":{"line":508,"column":15},"end":{"line":508,"column":16}},"loc":{"start":{"line":508,"column":21},"end":{"line":508,"column":45}},"line":508},"95":{"name":"(anonymous_95)","decl":{"start":{"line":514,"column":27},"end":{"line":514,"column":28}},"loc":{"start":{"line":514,"column":33},"end":{"line":1253,"column":3}},"line":514},"96":{"name":"(anonymous_96)","decl":{"start":{"line":518,"column":15},"end":{"line":518,"column":16}},"loc":{"start":{"line":518,"column":27},"end":{"line":542,"column":5}},"line":518},"97":{"name":"(anonymous_97)","decl":{"start":{"line":544,"column":33},"end":{"line":544,"column":34}},"loc":{"start":{"line":544,"column":39},"end":{"line":603,"column":5}},"line":544},"98":{"name":"(anonymous_98)","decl":{"start":{"line":545,"column":17},"end":{"line":545,"column":18}},"loc":{"start":{"line":545,"column":29},"end":{"line":555,"column":7}},"line":545},"99":{"name":"(anonymous_99)","decl":{"start":{"line":557,"column":52},"end":{"line":557,"column":53}},"loc":{"start":{"line":557,"column":64},"end":{"line":567,"column":7}},"line":557},"100":{"name":"(anonymous_100)","decl":{"start":{"line":569,"column":64},"end":{"line":569,"column":65}},"loc":{"start":{"line":569,"column":76},"end":{"line":579,"column":7}},"line":569},"101":{"name":"(anonymous_101)","decl":{"start":{"line":581,"column":40},"end":{"line":581,"column":41}},"loc":{"start":{"line":581,"column":46},"end":{"line":585,"column":7}},"line":581},"102":{"name":"(anonymous_102)","decl":{"start":{"line":584,"column":15},"end":{"line":584,"column":16}},"loc":{"start":{"line":584,"column":21},"end":{"line":584,"column":45}},"line":584},"103":{"name":"(anonymous_103)","decl":{"start":{"line":587,"column":35},"end":{"line":587,"column":36}},"loc":{"start":{"line":587,"column":41},"end":{"line":591,"column":7}},"line":587},"104":{"name":"(anonymous_104)","decl":{"start":{"line":590,"column":15},"end":{"line":590,"column":16}},"loc":{"start":{"line":590,"column":21},"end":{"line":590,"column":45}},"line":590},"105":{"name":"(anonymous_105)","decl":{"start":{"line":592,"column":36},"end":{"line":592,"column":37}},"loc":{"start":{"line":592,"column":42},"end":{"line":596,"column":7}},"line":592},"106":{"name":"(anonymous_106)","decl":{"start":{"line":595,"column":15},"end":{"line":595,"column":16}},"loc":{"start":{"line":595,"column":21},"end":{"line":595,"column":45}},"line":595},"107":{"name":"(anonymous_107)","decl":{"start":{"line":598,"column":36},"end":{"line":598,"column":37}},"loc":{"start":{"line":598,"column":42},"end":{"line":602,"column":7}},"line":598},"108":{"name":"(anonymous_108)","decl":{"start":{"line":601,"column":15},"end":{"line":601,"column":16}},"loc":{"start":{"line":601,"column":21},"end":{"line":601,"column":45}},"line":601},"109":{"name":"(anonymous_109)","decl":{"start":{"line":605,"column":38},"end":{"line":605,"column":39}},"loc":{"start":{"line":605,"column":44},"end":{"line":657,"column":5}},"line":605},"110":{"name":"(anonymous_110)","decl":{"start":{"line":608,"column":17},"end":{"line":608,"column":18}},"loc":{"start":{"line":608,"column":29},"end":{"line":633,"column":7}},"line":608},"111":{"name":"(anonymous_111)","decl":{"start":{"line":610,"column":10},"end":{"line":610,"column":11}},"loc":{"start":{"line":611,"column":13},"end":{"line":623,"column":13}},"line":611},"112":{"name":"(anonymous_112)","decl":{"start":{"line":629,"column":31},"end":{"line":629,"column":32}},"loc":{"start":{"line":630,"column":12},"end":{"line":630,"column":68}},"line":630},"113":{"name":"(anonymous_113)","decl":{"start":{"line":635,"column":57},"end":{"line":635,"column":58}},"loc":{"start":{"line":635,"column":69},"end":{"line":650,"column":7}},"line":635},"114":{"name":"(anonymous_114)","decl":{"start":{"line":640,"column":28},"end":{"line":640,"column":29}},"loc":{"start":{"line":640,"column":41},"end":{"line":649,"column":9}},"line":640},"115":{"name":"(anonymous_115)","decl":{"start":{"line":642,"column":12},"end":{"line":642,"column":13}},"loc":{"start":{"line":642,"column":24},"end":{"line":642,"column":52}},"line":642},"116":{"name":"(anonymous_116)","decl":{"start":{"line":652,"column":89},"end":{"line":652,"column":90}},"loc":{"start":{"line":652,"column":101},"end":{"line":656,"column":7}},"line":652},"117":{"name":"(anonymous_117)","decl":{"start":{"line":660,"column":36},"end":{"line":660,"column":37}},"loc":{"start":{"line":660,"column":42},"end":{"line":846,"column":5}},"line":660},"118":{"name":"(anonymous_118)","decl":{"start":{"line":663,"column":17},"end":{"line":663,"column":18}},"loc":{"start":{"line":663,"column":29},"end":{"line":703,"column":7}},"line":663},"119":{"name":"(anonymous_119)","decl":{"start":{"line":667,"column":10},"end":{"line":667,"column":11}},"loc":{"start":{"line":668,"column":13},"end":{"line":680,"column":13}},"line":668},"120":{"name":"(anonymous_120)","decl":{"start":{"line":686,"column":31},"end":{"line":686,"column":32}},"loc":{"start":{"line":687,"column":12},"end":{"line":687,"column":68}},"line":687},"121":{"name":"(anonymous_121)","decl":{"start":{"line":705,"column":47},"end":{"line":705,"column":48}},"loc":{"start":{"line":705,"column":59},"end":{"line":738,"column":7}},"line":705},"122":{"name":"(anonymous_122)","decl":{"start":{"line":740,"column":67},"end":{"line":740,"column":68}},"loc":{"start":{"line":740,"column":79},"end":{"line":756,"column":7}},"line":740},"123":{"name":"(anonymous_123)","decl":{"start":{"line":758,"column":50},"end":{"line":758,"column":51}},"loc":{"start":{"line":758,"column":62},"end":{"line":790,"column":7}},"line":758},"124":{"name":"(anonymous_124)","decl":{"start":{"line":792,"column":40},"end":{"line":792,"column":41}},"loc":{"start":{"line":792,"column":52},"end":{"line":805,"column":7}},"line":792},"125":{"name":"(anonymous_125)","decl":{"start":{"line":807,"column":43},"end":{"line":807,"column":44}},"loc":{"start":{"line":807,"column":55},"end":{"line":818,"column":7}},"line":807},"126":{"name":"(anonymous_126)","decl":{"start":{"line":820,"column":44},"end":{"line":820,"column":45}},"loc":{"start":{"line":820,"column":50},"end":{"line":824,"column":7}},"line":820},"127":{"name":"(anonymous_127)","decl":{"start":{"line":823,"column":15},"end":{"line":823,"column":16}},"loc":{"start":{"line":823,"column":21},"end":{"line":823,"column":51}},"line":823},"128":{"name":"(anonymous_128)","decl":{"start":{"line":826,"column":39},"end":{"line":826,"column":40}},"loc":{"start":{"line":826,"column":45},"end":{"line":830,"column":7}},"line":826},"129":{"name":"(anonymous_129)","decl":{"start":{"line":829,"column":15},"end":{"line":829,"column":16}},"loc":{"start":{"line":829,"column":21},"end":{"line":829,"column":51}},"line":829},"130":{"name":"(anonymous_130)","decl":{"start":{"line":832,"column":40},"end":{"line":832,"column":41}},"loc":{"start":{"line":832,"column":46},"end":{"line":836,"column":7}},"line":832},"131":{"name":"(anonymous_131)","decl":{"start":{"line":835,"column":15},"end":{"line":835,"column":16}},"loc":{"start":{"line":835,"column":21},"end":{"line":835,"column":51}},"line":835},"132":{"name":"(anonymous_132)","decl":{"start":{"line":838,"column":40},"end":{"line":838,"column":41}},"loc":{"start":{"line":838,"column":46},"end":{"line":842,"column":7}},"line":838},"133":{"name":"(anonymous_133)","decl":{"start":{"line":841,"column":15},"end":{"line":841,"column":16}},"loc":{"start":{"line":841,"column":21},"end":{"line":841,"column":51}},"line":841},"134":{"name":"(anonymous_134)","decl":{"start":{"line":848,"column":39},"end":{"line":848,"column":40}},"loc":{"start":{"line":848,"column":45},"end":{"line":940,"column":5}},"line":848},"135":{"name":"(anonymous_135)","decl":{"start":{"line":851,"column":17},"end":{"line":851,"column":18}},"loc":{"start":{"line":851,"column":29},"end":{"line":910,"column":7}},"line":851},"136":{"name":"(anonymous_136)","decl":{"start":{"line":855,"column":10},"end":{"line":855,"column":11}},"loc":{"start":{"line":856,"column":13},"end":{"line":868,"column":13}},"line":856},"137":{"name":"(anonymous_137)","decl":{"start":{"line":874,"column":31},"end":{"line":874,"column":32}},"loc":{"start":{"line":875,"column":12},"end":{"line":875,"column":68}},"line":875},"138":{"name":"(anonymous_138)","decl":{"start":{"line":912,"column":47},"end":{"line":912,"column":48}},"loc":{"start":{"line":912,"column":59},"end":{"line":925,"column":7}},"line":912},"139":{"name":"(anonymous_139)","decl":{"start":{"line":927,"column":40},"end":{"line":927,"column":41}},"loc":{"start":{"line":927,"column":52},"end":{"line":938,"column":7}},"line":927},"140":{"name":"(anonymous_140)","decl":{"start":{"line":942,"column":39},"end":{"line":942,"column":40}},"loc":{"start":{"line":942,"column":45},"end":{"line":1031,"column":5}},"line":942},"141":{"name":"(anonymous_141)","decl":{"start":{"line":945,"column":17},"end":{"line":945,"column":18}},"loc":{"start":{"line":945,"column":29},"end":{"line":1003,"column":7}},"line":945},"142":{"name":"(anonymous_142)","decl":{"start":{"line":949,"column":10},"end":{"line":949,"column":11}},"loc":{"start":{"line":950,"column":13},"end":{"line":962,"column":13}},"line":950},"143":{"name":"(anonymous_143)","decl":{"start":{"line":968,"column":31},"end":{"line":968,"column":32}},"loc":{"start":{"line":969,"column":12},"end":{"line":969,"column":68}},"line":969},"144":{"name":"(anonymous_144)","decl":{"start":{"line":1005,"column":49},"end":{"line":1005,"column":50}},"loc":{"start":{"line":1005,"column":61},"end":{"line":1014,"column":7}},"line":1005},"145":{"name":"(anonymous_145)","decl":{"start":{"line":1018,"column":40},"end":{"line":1018,"column":41}},"loc":{"start":{"line":1018,"column":52},"end":{"line":1029,"column":7}},"line":1018},"146":{"name":"(anonymous_146)","decl":{"start":{"line":1033,"column":34},"end":{"line":1033,"column":35}},"loc":{"start":{"line":1033,"column":40},"end":{"line":1121,"column":5}},"line":1033},"147":{"name":"(anonymous_147)","decl":{"start":{"line":1036,"column":17},"end":{"line":1036,"column":18}},"loc":{"start":{"line":1036,"column":29},"end":{"line":1095,"column":7}},"line":1036},"148":{"name":"(anonymous_148)","decl":{"start":{"line":1040,"column":10},"end":{"line":1040,"column":11}},"loc":{"start":{"line":1041,"column":13},"end":{"line":1053,"column":13}},"line":1041},"149":{"name":"(anonymous_149)","decl":{"start":{"line":1059,"column":31},"end":{"line":1059,"column":32}},"loc":{"start":{"line":1060,"column":12},"end":{"line":1060,"column":68}},"line":1060},"150":{"name":"(anonymous_150)","decl":{"start":{"line":1097,"column":56},"end":{"line":1097,"column":57}},"loc":{"start":{"line":1097,"column":68},"end":{"line":1106,"column":7}},"line":1097},"151":{"name":"(anonymous_151)","decl":{"start":{"line":1108,"column":40},"end":{"line":1108,"column":41}},"loc":{"start":{"line":1108,"column":52},"end":{"line":1119,"column":7}},"line":1108},"152":{"name":"(anonymous_152)","decl":{"start":{"line":1123,"column":42},"end":{"line":1123,"column":43}},"loc":{"start":{"line":1123,"column":48},"end":{"line":1251,"column":5}},"line":1123},"153":{"name":"(anonymous_153)","decl":{"start":{"line":1126,"column":17},"end":{"line":1126,"column":18}},"loc":{"start":{"line":1126,"column":29},"end":{"line":1206,"column":9}},"line":1126},"154":{"name":"(anonymous_154)","decl":{"start":{"line":1135,"column":10},"end":{"line":1135,"column":11}},"loc":{"start":{"line":1136,"column":13},"end":{"line":1148,"column":13}},"line":1136},"155":{"name":"(anonymous_155)","decl":{"start":{"line":1152,"column":10},"end":{"line":1152,"column":11}},"loc":{"start":{"line":1153,"column":13},"end":{"line":1165,"column":13}},"line":1153},"156":{"name":"(anonymous_156)","decl":{"start":{"line":1169,"column":10},"end":{"line":1169,"column":11}},"loc":{"start":{"line":1170,"column":13},"end":{"line":1182,"column":13}},"line":1170},"157":{"name":"(anonymous_157)","decl":{"start":{"line":1188,"column":33},"end":{"line":1188,"column":34}},"loc":{"start":{"line":1189,"column":12},"end":{"line":1189,"column":68}},"line":1189},"158":{"name":"(anonymous_158)","decl":{"start":{"line":1194,"column":33},"end":{"line":1194,"column":34}},"loc":{"start":{"line":1195,"column":12},"end":{"line":1195,"column":68}},"line":1195},"159":{"name":"(anonymous_159)","decl":{"start":{"line":1200,"column":33},"end":{"line":1200,"column":34}},"loc":{"start":{"line":1201,"column":12},"end":{"line":1201,"column":68}},"line":1201},"160":{"name":"(anonymous_160)","decl":{"start":{"line":1210,"column":62},"end":{"line":1210,"column":63}},"loc":{"start":{"line":1210,"column":74},"end":{"line":1244,"column":9}},"line":1210},"161":{"name":"(anonymous_161)","decl":{"start":{"line":1246,"column":52},"end":{"line":1246,"column":53}},"loc":{"start":{"line":1246,"column":62},"end":{"line":1250,"column":9}},"line":1246}},"branchMap":{},"s":{"0":1,"1":1,"2":1,"3":1,"4":1,"5":1,"6":1,"7":1,"8":1,"9":1,"10":1,"11":1,"12":1,"13":1,"14":1,"15":1,"16":68,"17":68,"18":68,"19":68,"20":68,"21":68,"22":68,"23":1,"24":1,"25":1,"26":13,"27":1,"28":1,"29":1,"30":1,"31":1,"32":1,"33":1,"34":1,"35":1,"36":1,"37":1,"38":1,"39":1,"40":1,"41":1,"42":1,"43":1,"44":1,"45":1,"46":1,"47":1,"48":1,"49":1,"50":0,"51":1,"52":1,"53":1,"54":1,"55":1,"56":1,"57":1,"58":1,"59":1,"60":1,"61":1,"62":1,"63":1,"64":1,"65":1,"66":1,"67":1,"68":1,"69":1,"70":1,"71":1,"72":1,"73":1,"74":1,"75":1,"76":1,"77":1,"78":1,"79":1,"80":1,"81":1,"82":1,"83":1,"84":1,"85":1,"86":1,"87":1,"88":1,"89":1,"90":1,"91":1,"92":1,"93":1,"94":1,"95":1,"96":1,"97":1,"98":1,"99":1,"100":11,"101":11,"102":1,"103":1,"104":1,"105":1,"106":1,"107":1,"108":1,"109":1,"110":1,"111":1,"112":0,"113":1,"114":1,"115":1,"116":1,"117":1,"118":1,"119":1,"120":1,"121":1,"122":1,"123":1,"124":1,"125":1,"126":1,"127":1,"128":1,"129":1,"130":1,"131":1,"132":1,"133":1,"134":1,"135":1,"136":1,"137":1,"138":1,"139":1,"140":1,"141":1,"142":1,"143":1,"144":1,"145":1,"146":1,"147":1,"148":1,"149":1,"150":1,"151":1,"152":1,"153":1,"154":6,"155":1,"156":1,"157":1,"158":1,"159":1,"160":1,"161":1,"162":1,"163":1,"164":1,"165":1,"166":1,"167":1,"168":0,"169":1,"170":1,"171":1,"172":1,"173":1,"174":1,"175":1,"176":1,"177":1,"178":1,"179":1,"180":1,"181":1,"182":1,"183":1,"184":1,"185":1,"186":1,"187":1,"188":1,"189":1,"190":1,"191":8,"192":8,"193":8,"194":8,"195":8,"196":8,"197":1,"198":1,"199":1,"200":1,"201":1,"202":1,"203":1,"204":1,"205":1,"206":1,"207":1,"208":1,"209":1,"210":1,"211":1,"212":1,"213":1,"214":1,"215":1,"216":0,"217":1,"218":1,"219":1,"220":1,"221":1,"222":1,"223":1,"224":1,"225":1,"226":1,"227":1,"228":1,"229":1,"230":1,"231":1,"232":1,"233":1,"234":1,"235":1,"236":1,"237":1,"238":1,"239":1,"240":1,"241":1,"242":1,"243":1,"244":1,"245":6,"246":6,"247":6,"248":1,"249":1,"250":1,"251":1,"252":1,"253":1,"254":1,"255":1,"256":1,"257":1,"258":1,"259":1,"260":0,"261":1,"262":1,"263":1,"264":1,"265":1,"266":1,"267":1,"268":1,"269":1,"270":1,"271":1,"272":1,"273":1,"274":1,"275":1,"276":1,"277":1,"278":1,"279":1,"280":1,"281":24,"282":24,"283":24,"284":24,"285":24,"286":24,"287":24,"288":24,"289":24,"290":24,"291":24,"292":1,"293":1,"294":6,"295":1,"296":1,"297":1,"298":1,"299":1,"300":1,"301":1,"302":1,"303":1,"304":1,"305":1,"306":1,"307":1,"308":1,"309":1,"310":0,"311":1,"312":1,"313":1,"314":1,"315":1,"316":1,"317":1,"318":1,"319":1,"320":1,"321":1,"322":1,"323":1,"324":1,"325":1,"326":1,"327":1,"328":1,"329":1,"330":1,"331":1,"332":10,"333":1,"334":1,"335":10,"336":1,"337":0,"338":0,"339":0,"340":0,"341":0,"342":0,"343":0,"344":0,"345":0,"346":0,"347":0,"348":1,"349":0,"350":0,"351":0,"352":1,"353":1,"354":9,"355":9,"356":9,"357":90,"358":9,"359":9,"360":90,"361":9,"362":9,"363":9,"364":9,"365":9,"366":9,"367":1,"368":1,"369":1,"370":1,"371":1,"372":1,"373":1,"374":1,"375":1,"376":1,"377":1,"378":1,"379":1,"380":1,"381":1,"382":1,"383":1,"384":1,"385":1,"386":1,"387":1,"388":1,"389":1,"390":1,"391":1,"392":1,"393":1,"394":1,"395":1,"396":1,"397":1,"398":1,"399":1,"400":1,"401":1,"402":1,"403":1,"404":1,"405":1,"406":1,"407":1,"408":1,"409":1,"410":1,"411":1,"412":1,"413":1,"414":1,"415":1,"416":1,"417":1,"418":1,"419":1,"420":1,"421":1,"422":1,"423":1,"424":1,"425":1,"426":1,"427":1,"428":1
[...]
98c131676dd4bbb7659bafdb4923f91b0b945e68ca0dc51d624381e2b5dca5d"},"C:\\Users\\34638\\Documents\\skylab\\bootcamp\\collab\\skylab-bootcamp-201904\\staff\\daniel-ferrandez-latre\\pro-skate\\pro-skate-api\\logic\\index.js":{"path":"C:\\Users\\34638\\Documents\\skylab\\bootcamp\\collab\\skylab-bootcamp-201904\\staff\\daniel-ferrandez-latre\\pro-skate\\pro-skate-api\\logic\\index.js","statementMap":{"0":{"start":{"line":2,"column":30},"end":{"line":2,"column":55}},"1":{"start":{"line":3,"column":15},"end":{"line":3,"column":32}},"2":{"start":{"line":4,"column":21},"end":{"line":4,"column":48}},"3":{"start":{"line":6,"column":53},"end":{"line":6,"column":80}},"4":{"start":{"line":10,"column":26},"end":{"line":10,"column":32}},"5":{"start":{"line":12,"column":14},"end":{"line":251,"column":1}},"6":{"start":{"line":14,"column":8},"end":{"line":20,"column":10}},"7":{"start":{"line":21,"column":8},"end":{"line":21,"column":29}},"8":{"start":{"line":22,"column":21},"end":{"line":22,"column":34}},"9":{"start":{"line":25,"column":8},"end":{"line":32,"column":12}},"10":{"start":{"line":26,"column":27},"end":{"line":26,"column":54}},"11":{"start":{"line":28,"column":12},"end":{"line":28,"column":89}},"12":{"start":{"line":28,"column":24},"end":{"line":28,"column":89}},"13":{"start":{"line":29,"column":25},"end":{"line":29,"column":52}},"14":{"start":{"line":31,"column":12},"end":{"line":31,"column":92}},"15":{"start":{"line":36,"column":8},"end":{"line":39,"column":10}},"16":{"start":{"line":41,"column":8},"end":{"line":41,"column":29}},"17":{"start":{"line":42,"column":8},"end":{"line":55,"column":12}},"18":{"start":{"line":43,"column":25},"end":{"line":43,"column":54}},"19":{"start":{"line":45,"column":12},"end":{"line":45,"column":88}},"20":{"start":{"line":45,"column":23},"end":{"line":45,"column":88}},"21":{"start":{"line":47,"column":12},"end":{"line":53,"column":13}},"22":{"start":{"line":48,"column":38},"end":{"line":48,"column":42}},"23":{"start":{"line":49,"column":16},"end":{"line":49,"column":40}},"24":{"start":{"line":52,"column":16},"end":{"line":52,"column":57}},"25":{"start":{"line":59,"column":8},"end":{"line":61,"column":10}},"26":{"start":{"line":62,"column":8},"end":{"line":68,"column":12}},"27":{"start":{"line":63,"column":27},"end":{"line":63,"column":50}},"28":{"start":{"line":64,"column":12},"end":{"line":64,"column":80}},"29":{"start":{"line":64,"column":24},"end":{"line":64,"column":80}},"30":{"start":{"line":65,"column":82},"end":{"line":65,"column":88}},"31":{"start":{"line":67,"column":12},"end":{"line":67,"column":79}},"32":{"start":{"line":72,"column":8},"end":{"line":76,"column":10}},"33":{"start":{"line":77,"column":8},"end":{"line":85,"column":12}},"34":{"start":{"line":78,"column":25},"end":{"line":78,"column":55}},"35":{"start":{"line":80,"column":12},"end":{"line":80,"column":73}},"36":{"start":{"line":80,"column":24},"end":{"line":80,"column":73}},"37":{"start":{"line":82,"column":12},"end":{"line":82,"column":63}},"38":{"start":{"line":84,"column":12},"end":{"line":84,"column":23}},"39":{"start":{"line":89,"column":8},"end":{"line":91,"column":10}},"40":{"start":{"line":92,"column":8},"end":{"line":100,"column":12}},"41":{"start":{"line":94,"column":27},"end":{"line":94,"column":50}},"42":{"start":{"line":96,"column":12},"end":{"line":96,"column":71}},"43":{"start":{"line":96,"column":24},"end":{"line":96,"column":71}},"44":{"start":{"line":97,"column":12},"end":{"line":97,"column":44}},"45":{"start":{"line":99,"column":12},"end":{"line":99,"column":23}},"46":{"start":{"line":105,"column":8},"end":{"line":111,"column":12}},"47":{"start":{"line":106,"column":12},"end":{"line":110,"column":13}},"48":{"start":{"line":107,"column":16},"end":{"line":107,"column":45}},"49":{"start":{"line":109,"column":16},"end":{"line":109,"column":122}},"50":{"start":{"line":109,"column":39},"end":{"line":109,"column":122}},"51":{"start":{"line":117,"column":8},"end":{"line":119,"column":10}},"52":{"start":{"line":120,"column":8},"end":{"line":124,"column":12}},"53":{"start":{"line":121,"column":30},"end":{"line":121,"column":56}},"54":{"start":{"line":122,"column":12},"end":{"line":122,"column":86}},"55":{"start":{"line":122,"column":27},"end":{"line":122,"column":86}},"56":{"start":{"line":123,"column":12},"end":{"line":123,"column":28}},"57":{"start":{"line":128,"column":8},"end":{"line":132,"column":12}},"58":{"start":{"line":129,"column":32},"end":{"line":129,"column":52}},"59":{"start":{"line":130,"column":12},"end":{"line":130,"column":38}},"60":{"start":{"line":130,"column":29},"end":{"line":130,"column":38}},"61":{"start":{"line":131,"column":12},"end":{"line":131,"column":30}},"62":{"start":{"line":138,"column":8},"end":{"line":140,"column":10}},"63":{"start":{"line":142,"column":8},"end":{"line":153,"column":12}},"64":{"start":{"line":143,"column":32},"end":{"line":143,"column":71}},"65":{"start":{"line":152,"column":12},"end":{"line":152,"column":32}},"66":{"start":{"line":179,"column":8},"end":{"line":183,"column":10}},"67":{"start":{"line":184,"column":8},"end":{"line":184,"column":16}},"68":{"start":{"line":185,"column":8},"end":{"line":204,"column":12}},"69":{"start":{"line":186,"column":27},"end":{"line":186,"column":54}},"70":{"start":{"line":187,"column":12},"end":{"line":187,"column":88}},"71":{"start":{"line":187,"column":25},"end":{"line":187,"column":88}},"72":{"start":{"line":188,"column":30},"end":{"line":188,"column":63}},"73":{"start":{"line":189,"column":12},"end":{"line":189,"column":97}},"74":{"start":{"line":189,"column":28},"end":{"line":189,"column":97}},"75":{"start":{"line":190,"column":29},"end":{"line":190,"column":104}},"76":{"start":{"line":190,"column":59},"end":{"line":190,"column":101}},"77":{"start":{"line":192,"column":12},"end":{"line":202,"column":13}},"78":{"start":{"line":193,"column":16},"end":{"line":193,"column":71}},"79":{"start":{"line":195,"column":16},"end":{"line":201,"column":18}},"80":{"start":{"line":196,"column":20},"end":{"line":196,"column":108}},"81":{"start":{"line":196,"column":65},"end":{"line":196,"column":107}},"82":{"start":{"line":198,"column":16},"end":{"line":201,"column":18}},"83":{"start":{"line":199,"column":20},"end":{"line":200,"column":51}},"84":{"start":{"line":200,"column":24},"end":{"line":200,"column":51}},"85":{"start":{"line":203,"column":12},"end":{"line":203,"column":31}},"86":{"start":{"line":208,"column":8},"end":{"line":208,"column":16}},"87":{"start":{"line":209,"column":8},"end":{"line":211,"column":10}},"88":{"start":{"line":212,"column":8},"end":{"line":217,"column":12}},"89":{"start":{"line":213,"column":27},"end":{"line":213,"column":81}},"90":{"start":{"line":214,"column":12},"end":{"line":214,"column":88}},"91":{"start":{"line":214,"column":25},"end":{"line":214,"column":88}},"92":{"start":{"line":216,"column":12},"end":{"line":216,"column":30}},"93":{"start":{"line":221,"column":8},"end":{"line":223,"column":10}},"94":{"start":{"line":224,"column":8},"end":{"line":234,"column":12}},"95":{"start":{"line":225,"column":27},"end":{"line":225,"column":54}},"96":{"start":{"line":226,"column":12},"end":{"line":226,"column":88}},"97":{"start":{"line":226,"column":25},"end":{"line":226,"column":88}},"98":{"start":{"line":227,"column":12},"end":{"line":227,"column":126}},"99":{"start":{"line":227,"column":41},"end":{"line":227,"column":126}},"100":{"start":{"line":228,"column":12},"end":{"line":230,"column":14}},"101":{"start":{"line":229,"column":16},"end":{"line":229,"column":45}},"102":{"start":{"line":231,"column":12},"end":{"line":231,"column":28}},"103":{"start":{"line":232,"column":12},"end":{"line":232,"column":31}},"104":{"start":{"line":233,"column":12},"end":{"line":233,"column":23}},"105":{"start":{"line":239,"column":8},"end":{"line":241,"column":10}},"106":{"start":{"line":242,"column":8},"end":{"line":248,"column":12}},"107":{"start":{"line":243,"column":27},"end":{"line":243,"column":85}},"108":{"start":{"line":244,"column":12},"end":{"line":244,"column":88}},"109":{"start":{"line":244,"column":25},"end":{"line":244,"column":88}},"110":{"start":{"line":245,"column":12},"end":{"line":245,"column":134}},"111":{"start":{"line":245,"column":45},"end":{"line":245,"column":134}},"112":{"start":{"line":247,"column":12},"end":{"line":247,"column":34}},"113":{"start":{"line":253,"column":0},"end":{"line":253,"column":22}}},"fnMap":{"0":{"name":"(anonymous_0)","decl":{"start":{"line":13,"column":4},"end":{"line":13,"column":5}},"loc":{"start":{"line":13,"column":65},"end":{"line":33,"column":5}},"line":13},"1":{"name":"(anonymous_1)","decl":{"start":{"line":25,"column":16},"end":{"line":25,"column":17}},"loc":{"start":{"line":25,"column":28},"end":{"line":32,"column":9}},"line":25},"2":{"name":"(anonymous_2)","decl":{"start":{"line":35,"column":4},"end":{"line":35,"column":5}},"loc":{"start":{"line":35,"column":38},"end":{"line":56,"column":5}},"line":35},"3":{"name":"(anonymous_3)","decl":{"start":{"line":42,"column":16},"end":{"line":42,"column":17}},"loc":{"start":{"line":42,"column":28},"end":{"line":55,"column":9}},"line":42},"4":{"name":"(anonymous_4)","decl":{"start":{"line":58,"column":4},"end":{"line":58,"column":5}},"loc":{"start":{"line":58,"column":21},"end":{"line":69,"column":5}},"line":58},"5":{"name":"(anonymous_5)","decl":{"start":{"line":62,"column":16},"end":{"line":62,"column":17}},"loc":{"start":{"line":62,"column":28},"end":{"line":68,"column":9}},"line":62},"6":{"name":"(anonymous_6)","decl":{"start":{"line":71,"column":4},"end":{"line":71,"column":5}},"loc":{"start":{"line":71,"column":25},"end":{"line":86,"column":5}},"line":71},"7":{"name":"(anonymous_7)","decl":{"start":{"line":77,"column":16},"end":{"line":77,"column":17}},"loc":{"start":{"line":77,"column":28},"end":{"line":85,"column":9}},"line":77},"8":{"name":"(anonymous_8)","decl":{"start":{"line":88,"column":4},"end":{"line":88,"column":5}},"loc":{"start":{"line":88,"column":18},"end":{"line":102,"column":5}},"line":88},"9":{"name":"(anonymous_9)","decl":{"start":{"line":92,"column":17},"end":{"line":92,"column":18}},"loc":{"start":{"line":92,"column":28},"end":{"line":100,"column":9}},"line":92},"10":{"name":"(anonymous_10)","decl":{"start":{"line":104,"column":4},"end":{"line":104,"column":5}},"loc":{"start":{"line":104,"column":26},"end":{"line":113,"column":5}},"line":104},"11":{"name":"(anonymous_11)","decl":{"start":{"line":105,"column":17},"end":{"line":105,"column":18}},"loc":{"start":{"line":105,"column":28},"end":{"line":111,"column":9}},"line":105},"12":{"name":"(anonymous_12)","decl":{"start":{"line":116,"column":4},"end":{"line":116,"column":5}},"loc":{"start":{"line":116,"column":23},"end":{"line":125,"column":5}},"line":116},"13":{"name":"(anonymous_13)","decl":{"start":{"line":120,"column":15},"end":{"line":120,"column":16}},"loc":{"start":{"line":120,"column":25},"end":{"line":124,"column":9}},"line":120},"14":{"name":"(anonymous_14)","decl":{"start":{"line":127,"column":4},"end":{"line":127,"column":5}},"loc":{"start":{"line":127,"column":25},"end":{"line":134,"column":5}},"line":127},"15":{"name":"(anonymous_15)","decl":{"start":{"line":128,"column":15},"end":{"line":128,"column":16}},"loc":{"start":{"line":128,"column":25},"end":{"line":132,"column":9}},"line":128},"16":{"name":"(anonymous_16)","decl":{"start":{"line":136,"column":4},"end":{"line":136,"column":5}},"loc":{"start":{"line":136,"column":30},"end":{"line":155,"column":5}},"line":136},"17":{"name":"(anonymous_17)","decl":{"start":{"line":142,"column":15},"end":{"line":142,"column":16}},"loc":{"start":{"line":142,"column":25},"end":{"line":153,"column":9}},"line":142},"18":{"name":"(anonymous_18)","decl":{"start":{"line":178,"column":4},"end":{"line":178,"column":5}},"loc":{"start":{"line":178,"column":50},"end":{"line":205,"column":5}},"line":178},"19":{"name":"(anonymous_19)","decl":{"start":{"line":185,"column":16},"end":{"line":185,"column":17}},"loc":{"start":{"line":185,"column":26},"end":{"line":204,"column":9}},"line":185},"20":{"name":"(anonymous_20)","decl":{"start":{"line":190,"column":47},"end":{"line":190,"column":48}},"loc":{"start":{"line":190,"column":59},"end":{"line":190,"column":101}},"line":190},"21":{"name":"(anonymous_21)","decl":{"start":{"line":196,"column":54},"end":{"line":196,"column":55}},"loc":{"start":{"line":196,"column":65},"end":{"line":196,"column":107}},"line":196},"22":{"name":"(anonymous_22)","decl":{"start":{"line":198,"column":37},"end":{"line":198,"column":38}},"loc":{"start":{"line":198,"column":49},"end":{"line":201,"column":17}},"line":198},"23":{"name":"(anonymous_23)","decl":{"start":{"line":207,"column":4},"end":{"line":207,"column":5}},"loc":{"start":{"line":207,"column":24},"end":{"line":218,"column":5}},"line":207},"24":{"name":"(anonymous_24)","decl":{"start":{"line":212,"column":16},"end":{"line":212,"column":17}},"loc":{"start":{"line":212,"column":26},"end":{"line":217,"column":9}},"line":212},"25":{"name":"(anonymous_25)","decl":{"start":{"line":220,"column":4},"end":{"line":220,"column":5}},"loc":{"start":{"line":220,"column":24},"end":{"line":236,"column":5}},"line":220},"26":{"name":"(anonymous_26)","decl":{"start":{"line":224,"column":16},"end":{"line":224,"column":17}},"loc":{"start":{"line":224,"column":26},"end":{"line":234,"column":9}},"line":224},"27":{"name":"(anonymous_27)","decl":{"start":{"line":228,"column":33},"end":{"line":228,"column":34}},"loc":{"start":{"line":228,"column":44},"end":{"line":230,"column":13}},"line":228},"28":{"name":"(anonymous_28)","decl":{"start":{"line":238,"column":4},"end":{"line":238,"column":5}},"loc":{"start":{"line":238,"column":28},"end":{"line":249,"column":5}},"line":238},"29":{"name":"(anonymous_29)","decl":{"start":{"line":242,"column":16},"end":{"line":242,"column":17}},"loc":{"start":{"line":242,"column":26},"end":{"line":248,"column":9}},"line":242}},"branchMap":{"0":{"loc":{"start":{"line":28,"column":12},"end":{"line":28,"column":89}},"type":"if","locations":[{"start":{"line":28,"column":12},"end":{"line":28,"column":89}},{"start":{"line":28,"column":12},"end":{"line":28,"column":89}}],"line":28},"1":{"loc":{"start":{"line":45,"column":12},"end":{"line":45,"column":88}},"type":"if","locations":[{"start":{"line":45,"column":12},"end":{"line":45,"column":88}},{"start":{"line":45,"column":12},"end":{"line":45,"column":88}}],"line":45},"2":{"loc":{"start":{"line":47,"column":12},"end":{"line":53,"column":13}},"type":"if","locations":[{"start":{"line":47,"column":12},"end":{"line":53,"column":13}},{"start":{"line":47,"column":12},"end":{"line":53,"column":13}}],"line":47},"3":{"loc":{"start":{"line":64,"column":12},"end":{"line":64,"column":80}},"type":"if","locations":[{"start":{"line":64,"column":12},"end":{"line":64,"column":80}},{"start":{"line":64,"column":12},"end":{"line":64,"column":80}}],"line":64},"4":{"loc":{"start":{"line":80,"column":12},"end":{"line":80,"column":73}},"type":"if","locations":[{"start":{"line":80,"column":12},"end":{"line":80,"column":73}},{"start":{"line":80,"column":12},"end":{"line":80,"column":73}}],"line":80},"5":{"loc":{"start":{"line":96,"column":12},"end":{"line":96,"column":71}},"type":"if","locations":[{"start":{"line":96,"column":12},"end":{"line":96,"column":71}},{"start":{"line":96,"column":12},"end":{"line":96,"column":71}}],"line":96},"6":{"loc":{"start":{"line":109,"column":16},"end":{"line":109,"column":122}},"type":"if","locations":[{"start":{"line":109,"column":16},"end":{"line":109,"column":122}},{"start":{"line":109,"column":16},"end":{"line":109,"column":122}}],"line":109},"7":{"loc":{"start":{"line":122,"column":12},"end":{"line":122,"column":86}},"type":"if","locations":[{"start":{"line":122,"column":12},"end":{"line":122,"column":86}},{"start":{"line":122,"column":12},"end":{"line":122,"column":86}}],"line":122},"8":{"loc":{"start":{"line":130,"column":12},"end":{"line":130,"column":38}},"type":"if","locations":[{"start":{"line":130,"column":12},"end":{"line":130,"column":38}},{"start":{"line":130,"column":12},"end":{"line":130,"column":38}}],"line":130},"9":{"loc":{"start":{"line":187,"column":12},"end":{"line":187,"column":88}},"type":"if","locations":[{"start":{"line":187,"column":12},"end":{"line":187,"column":88}},{"start":{"line":187,"column":12},"end":{"line":187,"column":88}}],"line":187},"10":{"loc":{"start":{"line":189,"column":12},"end":{"line":189,"column":97}},"type":"if","locations":[{"start":{"line":189,"column":12},"end":{"line":189,"column":97}},{"start":{"line":189,"column":12},"end":{"line":189,"column":97}}],"line":189},"11":{"loc":{"start":{"line":192,"column":12},"end":{"line":202,"column":13}},"type":"if","locations":[{"start":{"line":192,"column":12},"end":{"line":202,"column":13}},{"start":{"line":192,"column":12},"end":{"line":202,"column":13}}],"line":192},"12":{"loc":{"start":{"line":195,"column":16},"end":{"line":201,"column":18}},"type":"if","locations":[{"start":{"line":195,"column":16},"end":{"line":201,"column":18}},{"start":{"line":195,"column":16},"end":{"line":201,"column":18}}],"line":195},"13":{"loc":{"start":{"line":199,"column":20},"end":{"line":200,"column":51}},"type":"if","locations":[{"start":{"line":199,"column":20},"end":{"line":200,"column":51}},{"start":{"line":199,"column":20},"end":{"line":200,"column":51}}],"line":199},"14":{"loc":{"start":{"line":214,"column":12},"end":{"line":214,"column":88}},"type":"if","locations":[{"start":{"line":214,"column":12},"end":{"line":214,"column":88}},{"start":{"line":214,"column":12},"end":{"line":214,"column":88}}],"line":214},"15":{"loc":{"start":{"line":226,"column":12},"end":{"line":226,"column":88}},"type":"if","locations":[{"start":{"line":226,"column":12},"end":{"line":226,"column":88}},{"start":{"line":226,"column":12},"end":{"line":226,"column":88}}],"line":226},"16":{"loc":{"start":{"line":227,"column":12},"end":{"line":227,"column":126}},"type":"if","locations":[{"start":{"line":227,"column":12},"end":{"line":227,"column":126}},{"start":{"line":227,"column":12},"end":{"line":227,"column":126}}],"line":227},"17":{"loc":{"start":{"line":244,"column":12},"end":{"line":244,"column":88}},"type":"if","locations":[{"start":{"line":244,"column":12},"end":{"line":244,"column":88}},{"start":{"line":244,"column":12},"end":{"line":244,"column":88}}],"line":244},"18":{"loc":{"start":{"line":245,"column":12},"end":{"line":245,"column":134}},"type":"if","locations":[{"start":{"line":245,"column":12},"end":{"line":245,"column":134}},{"start":{"line":245,"column":12},"end":{"line":245,"column":134}}],"line":245}},"s":{"0":1,"1":1,"2":1,"3":1,"4":1,"5":1,"6":13,"7":2,"8":2,"9":2,"10":2,"11":2,"12":1,"13":1,"14":1,"15":11,"16":3,"17":2,"18":2,"19":2,"20":1,"21":1,"22":1,"23":1,"24":0,"25":6,"26":2,"27":2,"28":2,"29":1,"30":1,"31":1,"32":16,"33":2,"34":2,"35":2,"36":1,"37":1,"38":1,"39":2,"40":2,"41":2,"42":2,"43":1,"44":1,"45":1,"46":0,"47":0,"48":0,"49":0,"50":0,"51":2,"52":2,"53":2,"54":2,"55":1,"56":1,"57":0,"58":0,"59":0,"60":0,"61":0,"62":4,"63":4,"64":4,"65":4,"66":36,"67":32,"68":32,"69":32,"70":32,"71":0,"72":32,"73":32,"74":0,"75":32,"76":34,"77":32,"78":28,"79":4,"80":2,"81":6,"82":2,"83":4,"84":2,"85":32,"86":3,"87":3,"88":3,"89":3,"90":3,"91":1,"92":2,"93":4,"94":4,"95":4,"96":4,"97":1,"98":3,"99":0,"100":3,"101":9,"102":3,"103":3,"104":3,"105":2,"106":2,"107":2,"108":2,"109":1,"110":1,"111":0,"112":1,"113":1},"f":{"0":13,"1":2,"2":11,"3":2,"4":6,"5":2,"6":16,"7":2,"8":2,"9":2,"10":0,"11":0,"12":2,"13":2,"14":0,"15":0,"16":4,"17":4,"18":36,"19":32,"20":34,"21":6,"22":4,"23":3,"24":3,"25":4,"26":4,"27":9,"28":2,"29":2},"b":{"0":[1,1],"1":[1,1],"2":[1,0],"3":[1,1],"4":[1,1],"5":[1,1],"6":[0,0],"7":[1,1],"8":[0,0],"9":[0,32],"10":[0,32],"11":[28,4],"12":[2,2],"13":[2,2],"14":[1,2],"15":[1,3],"16":[0,3],"17":[1,1],"18":[0,1]},"_coverageSchema":"43e27e138ebf9cfc5966b082cf9a028302ed4184","hash":"9b2058d3ff2d7b09fee6c5cfccaca767399bbb21","contentHash":"136b87a2e8e57a3272ca350224a5a39de1e1805e9bd4cba041e097734e254386"}}